{"/Users/mathishiguinen/CascadeProjects/video-matchmaking-backend/src/app.ts": {"path":"/Users/mathishiguinen/CascadeProjects/video-matchmaking-backend/src/app.ts","statementMap":{"0":{"start":{"line":1,"column":0},"end":{"line":1,"column":30}},"1":{"start":{"line":2,"column":0},"end":{"line":2,"column":24}},"2":{"start":{"line":3,"column":0},"end":{"line":3,"column":33}},"3":{"start":{"line":4,"column":0},"end":{"line":4,"column":80}},"4":{"start":{"line":5,"column":0},"end":{"line":5,"column":31}},"5":{"start":{"line":6,"column":0},"end":{"line":6,"column":30}},"6":{"start":{"line":7,"column":0},"end":{"line":7,"column":61}},"7":{"start":{"line":8,"column":0},"end":{"line":8,"column":43}},"8":{"start":{"line":9,"column":0},"end":{"line":9,"column":26}},"9":{"start":{"line":10,"column":0},"end":{"line":10,"column":43}},"10":{"start":{"line":11,"column":0},"end":{"line":11,"column":39}},"11":{"start":{"line":12,"column":0},"end":{"line":12,"column":62}},"12":{"start":{"line":13,"column":0},"end":{"line":13,"column":50}},"13":{"start":{"line":14,"column":0},"end":{"line":14,"column":70}},"14":{"start":{"line":15,"column":24},"end":{"line":15,"column":51}},"15":{"start":{"line":18,"column":0},"end":{"line":20,"column":1}},"16":{"start":{"line":19,"column":2},"end":{"line":19,"column":47}},"17":{"start":{"line":22,"column":12},"end":{"line":22,"column":21}},"18":{"start":{"line":24,"column":0},"end":{"line":24,"column":16}},"19":{"start":{"line":25,"column":0},"end":{"line":25,"column":16}},"20":{"start":{"line":28,"column":25},"end":{"line":33,"column":2}},"21":{"start":{"line":34,"column":0},"end":{"line":34,"column":90}},"22":{"start":{"line":36,"column":0},"end":{"line":36,"column":53}},"23":{"start":{"line":37,"column":0},"end":{"line":37,"column":40}},"24":{"start":{"line":38,"column":0},"end":{"line":38,"column":61}},"25":{"start":{"line":39,"column":0},"end":{"line":39,"column":78}},"26":{"start":{"line":40,"column":0},"end":{"line":40,"column":70}},"27":{"start":{"line":41,"column":0},"end":{"line":41,"column":27}},"28":{"start":{"line":44,"column":0},"end":{"line":44,"column":68}},"29":{"start":{"line":46,"column":0},"end":{"line":46,"column":22}},"30":{"start":{"line":48,"column":0},"end":{"line":48,"column":19}}},"fnMap":{},"branchMap":{"0":{"loc":{"start":{"line":4,"column":22},"end":{"line":4,"column":76}},"type":"cond-expr","locations":[{"start":{"line":4,"column":56},"end":{"line":4,"column":67}},{"start":{"line":4,"column":70},"end":{"line":4,"column":76}}]},"1":{"loc":{"start":{"line":18,"column":0},"end":{"line":20,"column":1}},"type":"if","locations":[{"start":{"line":18,"column":0},"end":{"line":20,"column":1}}]},"2":{"loc":{"start":{"line":18,"column":4},"end":{"line":18,"column":67}},"type":"binary-expr","locations":[{"start":{"line":18,"column":4},"end":{"line":18,"column":41}},{"start":{"line":18,"column":45},"end":{"line":18,"column":67}}]}},"s":{"0":15,"1":15,"2":15,"3":15,"4":15,"5":15,"6":15,"7":15,"8":15,"9":15,"10":15,"11":15,"12":15,"13":15,"14":15,"15":15,"16":0,"17":15,"18":15,"19":15,"20":15,"21":15,"22":15,"23":15,"24":15,"25":15,"26":15,"27":15,"28":15,"29":15,"30":15},"f":{},"b":{"0":[15,0],"1":[0],"2":[15,0]}}
,"/Users/mathishiguinen/CascadeProjects/video-matchmaking-backend/src/socket.ts": {"path":"/Users/mathishiguinen/CascadeProjects/video-matchmaking-backend/src/socket.ts","statementMap":{"0":{"start":{"line":6,"column":0},"end":{"line":6,"column":16}},"1":{"start":{"line":21,"column":0},"end":{"line":21,"column":16}},"2":{"start":{"line":1,"column":0},"end":{"line":1,"column":35}},"3":{"start":{"line":7,"column":2},"end":{"line":12,"column":5}},"4":{"start":{"line":13,"column":2},"end":{"line":18,"column":5}},"5":{"start":{"line":15,"column":4},"end":{"line":17,"column":7}},"6":{"start":{"line":16,"column":6},"end":{"line":16,"column":26}},"7":{"start":{"line":22,"column":2},"end":{"line":24,"column":3}},"8":{"start":{"line":23,"column":4},"end":{"line":23,"column":36}}},"fnMap":{"0":{"name":"initSocket","decl":{"start":{"line":6,"column":16},"end":{"line":6,"column":26}},"loc":{"start":{"line":6,"column":46},"end":{"line":19,"column":1}}},"1":{"name":"(anonymous_1)","decl":{"start":{"line":13,"column":22},"end":{"line":13,"column":23}},"loc":{"start":{"line":13,"column":33},"end":{"line":18,"column":3}}},"2":{"name":"(anonymous_2)","decl":{"start":{"line":15,"column":22},"end":{"line":15,"column":23}},"loc":{"start":{"line":15,"column":41},"end":{"line":17,"column":5}}},"3":{"name":"emitToUser","decl":{"start":{"line":21,"column":16},"end":{"line":21,"column":26}},"loc":{"start":{"line":21,"column":67},"end":{"line":25,"column":1}}}},"branchMap":{"0":{"loc":{"start":{"line":22,"column":2},"end":{"line":24,"column":3}},"type":"if","locations":[{"start":{"line":22,"column":2},"end":{"line":24,"column":3}}]}},"s":{"0":15,"1":15,"2":15,"3":0,"4":0,"5":0,"6":0,"7":6,"8":0},"f":{"0":0,"1":0,"2":0,"3":6},"b":{"0":[0]}}
,"/Users/mathishiguinen/CascadeProjects/video-matchmaking-backend/src/api/index.ts": {"path":"/Users/mathishiguinen/CascadeProjects/video-matchmaking-backend/src/api/index.ts","statementMap":{"0":{"start":{"line":1,"column":0},"end":{"line":1,"column":33}},"1":{"start":{"line":2,"column":0},"end":{"line":2,"column":28}},"2":{"start":{"line":3,"column":0},"end":{"line":3,"column":49}},"3":{"start":{"line":4,"column":0},"end":{"line":4,"column":59}},"4":{"start":{"line":5,"column":0},"end":{"line":5,"column":53}},"5":{"start":{"line":7,"column":15},"end":{"line":7,"column":23}},"6":{"start":{"line":9,"column":0},"end":{"line":9,"column":28}},"7":{"start":{"line":10,"column":0},"end":{"line":10,"column":34}},"8":{"start":{"line":11,"column":0},"end":{"line":11,"column":44}},"9":{"start":{"line":12,"column":0},"end":{"line":12,"column":38}},"10":{"start":{"line":14,"column":0},"end":{"line":14,"column":22}}},"fnMap":{},"branchMap":{},"s":{"0":15,"1":15,"2":15,"3":15,"4":15,"5":15,"6":15,"7":15,"8":15,"9":15,"10":15},"f":{},"b":{}}
,"/Users/mathishiguinen/CascadeProjects/video-matchmaking-backend/src/api/v1/auth.routes.ts": {"path":"/Users/mathishiguinen/CascadeProjects/video-matchmaking-backend/src/api/v1/auth.routes.ts","statementMap":{"0":{"start":{"line":1,"column":0},"end":{"line":1,"column":33}},"1":{"start":{"line":2,"column":0},"end":{"line":2,"column":66}},"2":{"start":{"line":4,"column":15},"end":{"line":4,"column":23}},"3":{"start":{"line":6,"column":0},"end":{"line":6,"column":31}},"4":{"start":{"line":7,"column":0},"end":{"line":7,"column":29}},"5":{"start":{"line":9,"column":0},"end":{"line":9,"column":22}}},"fnMap":{},"branchMap":{},"s":{"0":15,"1":15,"2":15,"3":15,"4":15,"5":15},"f":{},"b":{}}
,"/Users/mathishiguinen/CascadeProjects/video-matchmaking-backend/src/api/v1/blocks.routes.ts": {"path":"/Users/mathishiguinen/CascadeProjects/video-matchmaking-backend/src/api/v1/blocks.routes.ts","statementMap":{"0":{"start":{"line":1,"column":0},"end":{"line":1,"column":33}},"1":{"start":{"line":2,"column":0},"end":{"line":2,"column":94}},"2":{"start":{"line":3,"column":0},"end":{"line":3,"column":69}},"3":{"start":{"line":5,"column":15},"end":{"line":5,"column":23}},"4":{"start":{"line":7,"column":0},"end":{"line":7,"column":54}},"5":{"start":{"line":8,"column":0},"end":{"line":8,"column":58}},"6":{"start":{"line":9,"column":0},"end":{"line":9,"column":53}},"7":{"start":{"line":11,"column":0},"end":{"line":11,"column":22}}},"fnMap":{},"branchMap":{},"s":{"0":15,"1":15,"2":15,"3":15,"4":15,"5":15,"6":15,"7":15},"f":{},"b":{}}
,"/Users/mathishiguinen/CascadeProjects/video-matchmaking-backend/src/api/v1/friendships.routes.ts": {"path":"/Users/mathishiguinen/CascadeProjects/video-matchmaking-backend/src/api/v1/friendships.routes.ts","statementMap":{"0":{"start":{"line":1,"column":0},"end":{"line":1,"column":33}},"1":{"start":{"line":2,"column":0},"end":{"line":2,"column":null}},"2":{"start":{"line":9,"column":0},"end":{"line":9,"column":69}},"3":{"start":{"line":11,"column":15},"end":{"line":11,"column":23}},"4":{"start":{"line":13,"column":0},"end":{"line":13,"column":70}},"5":{"start":{"line":14,"column":0},"end":{"line":14,"column":71}},"6":{"start":{"line":15,"column":0},"end":{"line":15,"column":59}},"7":{"start":{"line":16,"column":0},"end":{"line":16,"column":48}},"8":{"start":{"line":17,"column":0},"end":{"line":17,"column":63}},"9":{"start":{"line":19,"column":0},"end":{"line":19,"column":22}}},"fnMap":{},"branchMap":{},"s":{"0":15,"1":15,"2":15,"3":15,"4":15,"5":15,"6":15,"7":15,"8":15,"9":15},"f":{},"b":{}}
,"/Users/mathishiguinen/CascadeProjects/video-matchmaking-backend/src/api/v1/index.ts": {"path":"/Users/mathishiguinen/CascadeProjects/video-matchmaking-backend/src/api/v1/index.ts","statementMap":{"0":{"start":{"line":1,"column":0},"end":{"line":1,"column":33}},"1":{"start":{"line":2,"column":0},"end":{"line":2,"column":41}},"2":{"start":{"line":3,"column":0},"end":{"line":3,"column":47}},"3":{"start":{"line":4,"column":0},"end":{"line":4,"column":39}},"4":{"start":{"line":5,"column":0},"end":{"line":5,"column":53}},"5":{"start":{"line":6,"column":0},"end":{"line":6,"column":43}},"6":{"start":{"line":7,"column":0},"end":{"line":7,"column":53}},"7":{"start":{"line":9,"column":15},"end":{"line":9,"column":23}},"8":{"start":{"line":11,"column":0},"end":{"line":11,"column":34}},"9":{"start":{"line":12,"column":0},"end":{"line":12,"column":40}},"10":{"start":{"line":13,"column":0},"end":{"line":13,"column":32}},"11":{"start":{"line":14,"column":0},"end":{"line":14,"column":46}},"12":{"start":{"line":15,"column":0},"end":{"line":15,"column":36}},"13":{"start":{"line":16,"column":0},"end":{"line":16,"column":46}},"14":{"start":{"line":18,"column":0},"end":{"line":18,"column":22}}},"fnMap":{},"branchMap":{},"s":{"0":15,"1":15,"2":15,"3":15,"4":15,"5":15,"6":15,"7":15,"8":15,"9":15,"10":15,"11":15,"12":15,"13":15,"14":15},"f":{},"b":{}}
,"/Users/mathishiguinen/CascadeProjects/video-matchmaking-backend/src/api/v1/matchmaking.routes.ts": {"path":"/Users/mathishiguinen/CascadeProjects/video-matchmaking-backend/src/api/v1/matchmaking.routes.ts","statementMap":{"0":{"start":{"line":1,"column":0},"end":{"line":1,"column":33}},"1":{"start":{"line":2,"column":0},"end":{"line":2,"column":72}},"2":{"start":{"line":3,"column":0},"end":{"line":3,"column":69}},"3":{"start":{"line":5,"column":15},"end":{"line":5,"column":23}},"4":{"start":{"line":7,"column":0},"end":{"line":7,"column":50}},"5":{"start":{"line":9,"column":0},"end":{"line":9,"column":22}}},"fnMap":{},"branchMap":{},"s":{"0":15,"1":15,"2":15,"3":15,"4":15,"5":15},"f":{},"b":{}}
,"/Users/mathishiguinen/CascadeProjects/video-matchmaking-backend/src/api/v1/profiles.routes.ts": {"path":"/Users/mathishiguinen/CascadeProjects/video-matchmaking-backend/src/api/v1/profiles.routes.ts","statementMap":{"0":{"start":{"line":1,"column":0},"end":{"line":1,"column":33}},"1":{"start":{"line":2,"column":0},"end":{"line":2,"column":121}},"2":{"start":{"line":3,"column":0},"end":{"line":3,"column":94}},"3":{"start":{"line":4,"column":0},"end":{"line":4,"column":28}},"4":{"start":{"line":6,"column":15},"end":{"line":6,"column":23}},"5":{"start":{"line":7,"column":15},"end":{"line":7,"column":23}},"6":{"start":{"line":9,"column":0},"end":{"line":9,"column":32}},"7":{"start":{"line":10,"column":0},"end":{"line":10,"column":60}},"8":{"start":{"line":11,"column":0},"end":{"line":11,"column":39}},"9":{"start":{"line":12,"column":0},"end":{"line":12,"column":90}},"10":{"start":{"line":14,"column":0},"end":{"line":14,"column":22}}},"fnMap":{},"branchMap":{},"s":{"0":15,"1":15,"2":15,"3":15,"4":15,"5":15,"6":15,"7":15,"8":15,"9":15,"10":15},"f":{},"b":{}}
,"/Users/mathishiguinen/CascadeProjects/video-matchmaking-backend/src/api/v1/users.routes.ts": {"path":"/Users/mathishiguinen/CascadeProjects/video-matchmaking-backend/src/api/v1/users.routes.ts","statementMap":{"0":{"start":{"line":1,"column":0},"end":{"line":1,"column":33}},"1":{"start":{"line":2,"column":0},"end":{"line":2,"column":64}},"2":{"start":{"line":3,"column":0},"end":{"line":3,"column":73}},"3":{"start":{"line":5,"column":15},"end":{"line":5,"column":23}},"4":{"start":{"line":7,"column":0},"end":{"line":7,"column":55}},"5":{"start":{"line":9,"column":0},"end":{"line":9,"column":22}}},"fnMap":{},"branchMap":{},"s":{"0":15,"1":15,"2":15,"3":15,"4":15,"5":15},"f":{},"b":{}}
,"/Users/mathishiguinen/CascadeProjects/video-matchmaking-backend/src/config/index.ts": {"path":"/Users/mathishiguinen/CascadeProjects/video-matchmaking-backend/src/config/index.ts","statementMap":{"0":{"start":{"line":1,"column":0},"end":{"line":1,"column":23}},"1":{"start":{"line":3,"column":13},"end":{"line":8,"column":2}}},"fnMap":{},"branchMap":{"0":{"loc":{"start":{"line":7,"column":8},"end":{"line":7,"column":32}},"type":"binary-expr","locations":[{"start":{"line":7,"column":8},"end":{"line":7,"column":24}},{"start":{"line":7,"column":28},"end":{"line":7,"column":32}}]}},"s":{"0":13,"1":13},"f":{},"b":{"0":[13,13]}}
,"/Users/mathishiguinen/CascadeProjects/video-matchmaking-backend/src/config/supabase.ts": {"path":"/Users/mathishiguinen/CascadeProjects/video-matchmaking-backend/src/config/supabase.ts","statementMap":{"0":{"start":{"line":1,"column":0},"end":{"line":1,"column":53}},"1":{"start":{"line":2,"column":0},"end":{"line":2,"column":33}},"2":{"start":{"line":4,"column":13},"end":{"line":13,"column":2}}},"fnMap":{},"branchMap":{},"s":{"0":13,"1":13,"2":13},"f":{},"b":{}}
,"/Users/mathishiguinen/CascadeProjects/video-matchmaking-backend/src/config/supabaseClient.ts": {"path":"/Users/mathishiguinen/CascadeProjects/video-matchmaking-backend/src/config/supabaseClient.ts","statementMap":{"0":{"start":{"line":1,"column":0},"end":{"line":1,"column":53}},"1":{"start":{"line":2,"column":0},"end":{"line":2,"column":23}},"2":{"start":{"line":4,"column":21},"end":{"line":4,"column":46}},"3":{"start":{"line":5,"column":26},"end":{"line":5,"column":56}},"4":{"start":{"line":7,"column":0},"end":{"line":9,"column":1}},"5":{"start":{"line":8,"column":2},"end":{"line":8,"column":60}},"6":{"start":{"line":11,"column":13},"end":{"line":16,"column":3}}},"fnMap":{},"branchMap":{"0":{"loc":{"start":{"line":7,"column":0},"end":{"line":9,"column":1}},"type":"if","locations":[{"start":{"line":7,"column":0},"end":{"line":9,"column":1}}]},"1":{"loc":{"start":{"line":7,"column":4},"end":{"line":7,"column":39}},"type":"binary-expr","locations":[{"start":{"line":7,"column":4},"end":{"line":7,"column":17}},{"start":{"line":7,"column":21},"end":{"line":7,"column":39}}]}},"s":{"0":15,"1":15,"2":15,"3":15,"4":15,"5":0,"6":15},"f":{},"b":{"0":[0],"1":[15,15]}}
,"/Users/mathishiguinen/CascadeProjects/video-matchmaking-backend/src/controllers/auth.controller.ts": {"path":"/Users/mathishiguinen/CascadeProjects/video-matchmaking-backend/src/controllers/auth.controller.ts","statementMap":{"0":{"start":{"line":2,"column":0},"end":{"line":2,"column":46}},"1":{"start":{"line":3,"column":0},"end":{"line":3,"column":45}},"2":{"start":{"line":4,"column":0},"end":{"line":4,"column":24}},"3":{"start":{"line":6,"column":21},"end":{"line":13,"column":2}},"4":{"start":{"line":15,"column":22},"end":{"line":42,"column":1}},"5":{"start":{"line":16,"column":16},"end":{"line":16,"column":48}},"6":{"start":{"line":17,"column":2},"end":{"line":19,"column":3}},"7":{"start":{"line":18,"column":4},"end":{"line":18,"column":58}},"8":{"start":{"line":20,"column":75},"end":{"line":20,"column":85}},"9":{"start":{"line":21,"column":2},"end":{"line":41,"column":3}},"10":{"start":{"line":22,"column":28},"end":{"line":28,"column":6}},"11":{"start":{"line":29,"column":4},"end":{"line":31,"column":5}},"12":{"start":{"line":30,"column":6},"end":{"line":30,"column":87}},"13":{"start":{"line":32,"column":4},"end":{"line":38,"column":5}},"14":{"start":{"line":33,"column":6},"end":{"line":33,"column":123}},"15":{"start":{"line":34,"column":11},"end":{"line":38,"column":5}},"16":{"start":{"line":35,"column":6},"end":{"line":35,"column":101}},"17":{"start":{"line":37,"column":6},"end":{"line":37,"column":82}},"18":{"start":{"line":40,"column":4},"end":{"line":40,"column":84}},"19":{"start":{"line":15,"column":13},"end":{"line":15,"column":22}},"20":{"start":{"line":44,"column":20},"end":{"line":47,"column":2}},"21":{"start":{"line":49,"column":21},"end":{"line":69,"column":1}},"22":{"start":{"line":50,"column":16},"end":{"line":50,"column":47}},"23":{"start":{"line":51,"column":2},"end":{"line":53,"column":3}},"24":{"start":{"line":52,"column":4},"end":{"line":52,"column":67}},"25":{"start":{"line":54,"column":30},"end":{"line":54,"column":40}},"26":{"start":{"line":55,"column":2},"end":{"line":68,"column":3}},"27":{"start":{"line":56,"column":28},"end":{"line":56,"column":87}},"28":{"start":{"line":57,"column":4},"end":{"line":59,"column":5}},"29":{"start":{"line":58,"column":6},"end":{"line":58,"column":81}},"30":{"start":{"line":60,"column":4},"end":{"line":65,"column":7}},"31":{"start":{"line":67,"column":4},"end":{"line":67,"column":82}},"32":{"start":{"line":49,"column":13},"end":{"line":49,"column":21}}},"fnMap":{"0":{"name":"(anonymous_0)","decl":{"start":{"line":15,"column":22},"end":{"line":15,"column":27}},"loc":{"start":{"line":15,"column":80},"end":{"line":42,"column":1}}},"1":{"name":"(anonymous_1)","decl":{"start":{"line":49,"column":21},"end":{"line":49,"column":26}},"loc":{"start":{"line":49,"column":79},"end":{"line":69,"column":1}}}},"branchMap":{"0":{"loc":{"start":{"line":17,"column":2},"end":{"line":19,"column":3}},"type":"if","locations":[{"start":{"line":17,"column":2},"end":{"line":19,"column":3}}]},"1":{"loc":{"start":{"line":29,"column":4},"end":{"line":31,"column":5}},"type":"if","locations":[{"start":{"line":29,"column":4},"end":{"line":31,"column":5}}]},"2":{"loc":{"start":{"line":30,"column":36},"end":{"line":30,"column":84}},"type":"binary-expr","locations":[{"start":{"line":30,"column":36},"end":{"line":30,"column":49}},{"start":{"line":30,"column":53},"end":{"line":30,"column":84}}]},"3":{"loc":{"start":{"line":32,"column":4},"end":{"line":38,"column":5}},"type":"if","locations":[{"start":{"line":32,"column":4},"end":{"line":38,"column":5}},{"start":{"line":34,"column":11},"end":{"line":38,"column":5}}]},"4":{"loc":{"start":{"line":32,"column":8},"end":{"line":32,"column":34}},"type":"binary-expr","locations":[{"start":{"line":32,"column":8},"end":{"line":32,"column":17}},{"start":{"line":32,"column":21},"end":{"line":32,"column":34}}]},"5":{"loc":{"start":{"line":34,"column":11},"end":{"line":38,"column":5}},"type":"if","locations":[{"start":{"line":34,"column":11},"end":{"line":38,"column":5}},{"start":{"line":36,"column":11},"end":{"line":38,"column":5}}]},"6":{"loc":{"start":{"line":40,"column":27},"end":{"line":40,"column":81}},"type":"binary-expr","locations":[{"start":{"line":40,"column":27},"end":{"line":40,"column":38}},{"start":{"line":40,"column":42},"end":{"line":40,"column":81}}]},"7":{"loc":{"start":{"line":51,"column":2},"end":{"line":53,"column":3}},"type":"if","locations":[{"start":{"line":51,"column":2},"end":{"line":53,"column":3}}]},"8":{"loc":{"start":{"line":57,"column":4},"end":{"line":59,"column":5}},"type":"if","locations":[{"start":{"line":57,"column":4},"end":{"line":59,"column":5}}]},"9":{"loc":{"start":{"line":57,"column":8},"end":{"line":57,"column":30}},"type":"binary-expr","locations":[{"start":{"line":57,"column":8},"end":{"line":57,"column":13}},{"start":{"line":57,"column":17},"end":{"line":57,"column":30}}]},"10":{"loc":{"start":{"line":58,"column":36},"end":{"line":58,"column":78}},"type":"binary-expr","locations":[{"start":{"line":58,"column":36},"end":{"line":58,"column":50}},{"start":{"line":58,"column":54},"end":{"line":58,"column":78}}]},"11":{"loc":{"start":{"line":67,"column":27},"end":{"line":67,"column":79}},"type":"binary-expr","locations":[{"start":{"line":67,"column":27},"end":{"line":67,"column":38}},{"start":{"line":67,"column":42},"end":{"line":67,"column":79}}]}},"s":{"0":15,"1":15,"2":15,"3":15,"4":15,"5":4,"6":4,"7":0,"8":4,"9":4,"10":4,"11":4,"12":0,"13":4,"14":0,"15":4,"16":4,"17":0,"18":0,"19":15,"20":15,"21":15,"22":4,"23":4,"24":0,"25":4,"26":4,"27":4,"28":4,"29":0,"30":4,"31":0,"32":15},"f":{"0":4,"1":4},"b":{"0":[0],"1":[0],"2":[0,0],"3":[0,4],"4":[4,4],"5":[4,0],"6":[0,0],"7":[0],"8":[0],"9":[4,4],"10":[0,0],"11":[0,0]}}
,"/Users/mathishiguinen/CascadeProjects/video-matchmaking-backend/src/controllers/block.controller.ts": {"path":"/Users/mathishiguinen/CascadeProjects/video-matchmaking-backend/src/controllers/block.controller.ts","statementMap":{"0":{"start":{"line":2,"column":0},"end":{"line":2,"column":106}},"1":{"start":{"line":4,"column":25},"end":{"line":11,"column":1}},"2":{"start":{"line":5,"column":2},"end":{"line":10,"column":3}},"3":{"start":{"line":6,"column":4},"end":{"line":6,"column":59}},"4":{"start":{"line":7,"column":4},"end":{"line":7,"column":55}},"5":{"start":{"line":9,"column":4},"end":{"line":9,"column":16}},"6":{"start":{"line":4,"column":13},"end":{"line":4,"column":25}},"7":{"start":{"line":13,"column":27},"end":{"line":20,"column":1}},"8":{"start":{"line":14,"column":2},"end":{"line":19,"column":3}},"9":{"start":{"line":15,"column":4},"end":{"line":15,"column":61}},"10":{"start":{"line":16,"column":4},"end":{"line":16,"column":45}},"11":{"start":{"line":18,"column":4},"end":{"line":18,"column":16}},"12":{"start":{"line":13,"column":13},"end":{"line":13,"column":27}},"13":{"start":{"line":22,"column":32},"end":{"line":29,"column":1}},"14":{"start":{"line":23,"column":2},"end":{"line":28,"column":3}},"15":{"start":{"line":24,"column":20},"end":{"line":24,"column":62}},"16":{"start":{"line":25,"column":4},"end":{"line":25,"column":22}},"17":{"start":{"line":27,"column":4},"end":{"line":27,"column":16}},"18":{"start":{"line":22,"column":13},"end":{"line":22,"column":32}}},"fnMap":{"0":{"name":"(anonymous_0)","decl":{"start":{"line":4,"column":25},"end":{"line":4,"column":30}},"loc":{"start":{"line":4,"column":79},"end":{"line":11,"column":1}}},"1":{"name":"(anonymous_1)","decl":{"start":{"line":13,"column":27},"end":{"line":13,"column":32}},"loc":{"start":{"line":13,"column":81},"end":{"line":20,"column":1}}},"2":{"name":"(anonymous_2)","decl":{"start":{"line":22,"column":32},"end":{"line":22,"column":37}},"loc":{"start":{"line":22,"column":86},"end":{"line":29,"column":1}}}},"branchMap":{},"s":{"0":15,"1":15,"2":0,"3":0,"4":0,"5":0,"6":15,"7":15,"8":0,"9":0,"10":0,"11":0,"12":15,"13":15,"14":0,"15":0,"16":0,"17":0,"18":15},"f":{"0":0,"1":0,"2":0},"b":{}}
,"/Users/mathishiguinen/CascadeProjects/video-matchmaking-backend/src/controllers/conversation.controller.ts": {"path":"/Users/mathishiguinen/CascadeProjects/video-matchmaking-backend/src/controllers/conversation.controller.ts","statementMap":{"0":{"start":{"line":2,"column":0},"end":{"line":2,"column":71}},"1":{"start":{"line":6,"column":4},"end":{"line":13,"column":5}},"2":{"start":{"line":7,"column":23},"end":{"line":7,"column":42}},"3":{"start":{"line":8,"column":21},"end":{"line":8,"column":33}},"4":{"start":{"line":9,"column":27},"end":{"line":9,"column":94}},"5":{"start":{"line":10,"column":6},"end":{"line":10,"column":41}},"6":{"start":{"line":12,"column":6},"end":{"line":12,"column":16}},"7":{"start":{"line":17,"column":4},"end":{"line":23,"column":5}},"8":{"start":{"line":18,"column":21},"end":{"line":18,"column":33}},"9":{"start":{"line":19,"column":28},"end":{"line":19,"column":83}},"10":{"start":{"line":20,"column":6},"end":{"line":20,"column":42}},"11":{"start":{"line":22,"column":6},"end":{"line":22,"column":16}},"12":{"start":{"line":27,"column":4},"end":{"line":34,"column":5}},"13":{"start":{"line":28,"column":33},"end":{"line":28,"column":43}},"14":{"start":{"line":29,"column":21},"end":{"line":29,"column":33}},"15":{"start":{"line":30,"column":6},"end":{"line":30,"column":75}},"16":{"start":{"line":31,"column":6},"end":{"line":31,"column":29}},"17":{"start":{"line":33,"column":6},"end":{"line":33,"column":16}},"18":{"start":{"line":4,"column":0},"end":{"line":4,"column":13}}},"fnMap":{"0":{"name":"(anonymous_0)","decl":{"start":{"line":5,"column":2},"end":{"line":5,"column":8}},"loc":{"start":{"line":5,"column":86},"end":{"line":14,"column":3}}},"1":{"name":"(anonymous_1)","decl":{"start":{"line":16,"column":2},"end":{"line":16,"column":8}},"loc":{"start":{"line":16,"column":84},"end":{"line":24,"column":3}}},"2":{"name":"(anonymous_2)","decl":{"start":{"line":26,"column":2},"end":{"line":26,"column":8}},"loc":{"start":{"line":26,"column":81},"end":{"line":35,"column":3}}}},"branchMap":{},"s":{"0":15,"1":1,"2":1,"3":1,"4":1,"5":1,"6":0,"7":0,"8":0,"9":0,"10":0,"11":0,"12":0,"13":0,"14":0,"15":0,"16":0,"17":0,"18":15},"f":{"0":1,"1":0,"2":0},"b":{}}
,"/Users/mathishiguinen/CascadeProjects/video-matchmaking-backend/src/controllers/friendship.controller.ts": {"path":"/Users/mathishiguinen/CascadeProjects/video-matchmaking-backend/src/controllers/friendship.controller.ts","statementMap":{"0":{"start":{"line":2,"column":0},"end":{"line":2,"column":null}},"1":{"start":{"line":10,"column":33},"end":{"line":17,"column":1}},"2":{"start":{"line":11,"column":2},"end":{"line":16,"column":3}},"3":{"start":{"line":12,"column":4},"end":{"line":12,"column":67}},"4":{"start":{"line":13,"column":4},"end":{"line":13,"column":62}},"5":{"start":{"line":15,"column":4},"end":{"line":15,"column":16}},"6":{"start":{"line":10,"column":13},"end":{"line":10,"column":33}},"7":{"start":{"line":19,"column":35},"end":{"line":26,"column":1}},"8":{"start":{"line":20,"column":2},"end":{"line":25,"column":3}},"9":{"start":{"line":21,"column":4},"end":{"line":21,"column":69}},"10":{"start":{"line":22,"column":4},"end":{"line":22,"column":54}},"11":{"start":{"line":24,"column":4},"end":{"line":24,"column":16}},"12":{"start":{"line":19,"column":13},"end":{"line":19,"column":35}},"13":{"start":{"line":28,"column":28},"end":{"line":35,"column":1}},"14":{"start":{"line":29,"column":2},"end":{"line":34,"column":3}},"15":{"start":{"line":30,"column":4},"end":{"line":30,"column":62}},"16":{"start":{"line":31,"column":4},"end":{"line":31,"column":45}},"17":{"start":{"line":33,"column":4},"end":{"line":33,"column":16}},"18":{"start":{"line":28,"column":13},"end":{"line":28,"column":28}},"19":{"start":{"line":37,"column":27},"end":{"line":44,"column":1}},"20":{"start":{"line":38,"column":2},"end":{"line":43,"column":3}},"21":{"start":{"line":39,"column":20},"end":{"line":39,"column":57}},"22":{"start":{"line":40,"column":4},"end":{"line":40,"column":22}},"23":{"start":{"line":42,"column":4},"end":{"line":42,"column":16}},"24":{"start":{"line":37,"column":13},"end":{"line":37,"column":27}},"25":{"start":{"line":46,"column":35},"end":{"line":53,"column":1}},"26":{"start":{"line":47,"column":2},"end":{"line":52,"column":3}},"27":{"start":{"line":48,"column":20},"end":{"line":48,"column":65}},"28":{"start":{"line":49,"column":4},"end":{"line":49,"column":22}},"29":{"start":{"line":51,"column":4},"end":{"line":51,"column":16}},"30":{"start":{"line":46,"column":13},"end":{"line":46,"column":35}}},"fnMap":{"0":{"name":"(anonymous_0)","decl":{"start":{"line":10,"column":33},"end":{"line":10,"column":38}},"loc":{"start":{"line":10,"column":87},"end":{"line":17,"column":1}}},"1":{"name":"(anonymous_1)","decl":{"start":{"line":19,"column":35},"end":{"line":19,"column":40}},"loc":{"start":{"line":19,"column":89},"end":{"line":26,"column":1}}},"2":{"name":"(anonymous_2)","decl":{"start":{"line":28,"column":28},"end":{"line":28,"column":33}},"loc":{"start":{"line":28,"column":82},"end":{"line":35,"column":1}}},"3":{"name":"(anonymous_3)","decl":{"start":{"line":37,"column":27},"end":{"line":37,"column":32}},"loc":{"start":{"line":37,"column":81},"end":{"line":44,"column":1}}},"4":{"name":"(anonymous_4)","decl":{"start":{"line":46,"column":35},"end":{"line":46,"column":40}},"loc":{"start":{"line":46,"column":89},"end":{"line":53,"column":1}}}},"branchMap":{},"s":{"0":15,"1":15,"2":2,"3":2,"4":0,"5":2,"6":15,"7":15,"8":0,"9":0,"10":0,"11":0,"12":15,"13":15,"14":0,"15":0,"16":0,"17":0,"18":15,"19":15,"20":0,"21":0,"22":0,"23":0,"24":15,"25":15,"26":0,"27":0,"28":0,"29":0,"30":15},"f":{"0":2,"1":0,"2":0,"3":0,"4":0},"b":{}}
,"/Users/mathishiguinen/CascadeProjects/video-matchmaking-backend/src/controllers/matchmaking.controller.ts": {"path":"/Users/mathishiguinen/CascadeProjects/video-matchmaking-backend/src/controllers/matchmaking.controller.ts","statementMap":{"0":{"start":{"line":2,"column":0},"end":{"line":2,"column":70}},"1":{"start":{"line":4,"column":28},"end":{"line":11,"column":1}},"2":{"start":{"line":5,"column":2},"end":{"line":10,"column":3}},"3":{"start":{"line":6,"column":18},"end":{"line":6,"column":66}},"4":{"start":{"line":7,"column":4},"end":{"line":7,"column":20}},"5":{"start":{"line":9,"column":4},"end":{"line":9,"column":16}},"6":{"start":{"line":4,"column":13},"end":{"line":4,"column":28}}},"fnMap":{"0":{"name":"(anonymous_0)","decl":{"start":{"line":4,"column":28},"end":{"line":4,"column":33}},"loc":{"start":{"line":4,"column":82},"end":{"line":11,"column":1}}}},"branchMap":{},"s":{"0":15,"1":15,"2":0,"3":0,"4":0,"5":0,"6":15},"f":{"0":0},"b":{}}
,"/Users/mathishiguinen/CascadeProjects/video-matchmaking-backend/src/controllers/message.controller.ts": {"path":"/Users/mathishiguinen/CascadeProjects/video-matchmaking-backend/src/controllers/message.controller.ts","statementMap":{"0":{"start":{"line":2,"column":0},"end":{"line":2,"column":61}},"1":{"start":{"line":6,"column":4},"end":{"line":20,"column":5}},"2":{"start":{"line":7,"column":37},"end":{"line":7,"column":45}},"3":{"start":{"line":8,"column":33},"end":{"line":8,"column":43}},"4":{"start":{"line":9,"column":24},"end":{"line":9,"column":36}},"5":{"start":{"line":10,"column":22},"end":{"line":16,"column":8}},"6":{"start":{"line":17,"column":6},"end":{"line":17,"column":36}},"7":{"start":{"line":19,"column":6},"end":{"line":19,"column":16}},"8":{"start":{"line":24,"column":4},"end":{"line":30,"column":5}},"9":{"start":{"line":25,"column":33},"end":{"line":25,"column":43}},"10":{"start":{"line":26,"column":23},"end":{"line":26,"column":83}},"11":{"start":{"line":27,"column":6},"end":{"line":27,"column":37}},"12":{"start":{"line":29,"column":6},"end":{"line":29,"column":16}},"13":{"start":{"line":34,"column":4},"end":{"line":41,"column":5}},"14":{"start":{"line":35,"column":28},"end":{"line":35,"column":38}},"15":{"start":{"line":36,"column":22},"end":{"line":36,"column":34}},"16":{"start":{"line":37,"column":6},"end":{"line":37,"column":61}},"17":{"start":{"line":38,"column":6},"end":{"line":38,"column":29}},"18":{"start":{"line":40,"column":6},"end":{"line":40,"column":16}},"19":{"start":{"line":45,"column":4},"end":{"line":53,"column":5}},"20":{"start":{"line":46,"column":28},"end":{"line":46,"column":38}},"21":{"start":{"line":47,"column":26},"end":{"line":47,"column":34}},"22":{"start":{"line":48,"column":22},"end":{"line":48,"column":34}},"23":{"start":{"line":49,"column":22},"end":{"line":49,"column":83}},"24":{"start":{"line":50,"column":6},"end":{"line":50,"column":36}},"25":{"start":{"line":52,"column":6},"end":{"line":52,"column":16}},"26":{"start":{"line":4,"column":0},"end":{"line":4,"column":13}}},"fnMap":{"0":{"name":"(anonymous_0)","decl":{"start":{"line":5,"column":2},"end":{"line":5,"column":8}},"loc":{"start":{"line":5,"column":74},"end":{"line":21,"column":3}}},"1":{"name":"(anonymous_1)","decl":{"start":{"line":23,"column":2},"end":{"line":23,"column":8}},"loc":{"start":{"line":23,"column":86},"end":{"line":31,"column":3}}},"2":{"name":"(anonymous_2)","decl":{"start":{"line":33,"column":2},"end":{"line":33,"column":8}},"loc":{"start":{"line":33,"column":76},"end":{"line":42,"column":3}}},"3":{"name":"(anonymous_3)","decl":{"start":{"line":44,"column":2},"end":{"line":44,"column":8}},"loc":{"start":{"line":44,"column":74},"end":{"line":54,"column":3}}}},"branchMap":{},"s":{"0":15,"1":2,"2":2,"3":2,"4":2,"5":2,"6":2,"7":0,"8":1,"9":1,"10":1,"11":1,"12":0,"13":1,"14":1,"15":1,"16":1,"17":1,"18":0,"19":0,"20":0,"21":0,"22":0,"23":0,"24":0,"25":0,"26":15},"f":{"0":2,"1":1,"2":1,"3":0},"b":{}}
,"/Users/mathishiguinen/CascadeProjects/video-matchmaking-backend/src/controllers/moderation.controller.ts": {"path":"/Users/mathishiguinen/CascadeProjects/video-matchmaking-backend/src/controllers/moderation.controller.ts","statementMap":{"0":{"start":{"line":2,"column":0},"end":{"line":2,"column":45}},"1":{"start":{"line":8,"column":0},"end":{"line":8,"column":26}},"2":{"start":{"line":9,"column":13},"end":{"line":9,"column":23}},"3":{"start":{"line":12,"column":26},"end":{"line":25,"column":1}},"4":{"start":{"line":13,"column":2},"end":{"line":24,"column":3}},"5":{"start":{"line":14,"column":39},"end":{"line":14,"column":47}},"6":{"start":{"line":15,"column":23},"end":{"line":15,"column":58}},"7":{"start":{"line":16,"column":4},"end":{"line":16,"column":125}},"8":{"start":{"line":16,"column":51},"end":{"line":16,"column":125}},"9":{"start":{"line":17,"column":4},"end":{"line":20,"column":6}},"10":{"start":{"line":21,"column":4},"end":{"line":21,"column":55}},"11":{"start":{"line":23,"column":4},"end":{"line":23,"column":16}},"12":{"start":{"line":12,"column":13},"end":{"line":12,"column":26}},"13":{"start":{"line":28,"column":27},"end":{"line":31,"column":1}},"14":{"start":{"line":30,"column":2},"end":{"line":30,"column":56}},"15":{"start":{"line":28,"column":13},"end":{"line":28,"column":27}}},"fnMap":{"0":{"name":"(anonymous_0)","decl":{"start":{"line":12,"column":26},"end":{"line":12,"column":31}},"loc":{"start":{"line":12,"column":92},"end":{"line":25,"column":1}}},"1":{"name":"(anonymous_1)","decl":{"start":{"line":28,"column":27},"end":{"line":28,"column":32}},"loc":{"start":{"line":28,"column":84},"end":{"line":31,"column":1}}}},"branchMap":{"0":{"loc":{"start":{"line":15,"column":23},"end":{"line":15,"column":58}},"type":"binary-expr","locations":[{"start":{"line":15,"column":23},"end":{"line":15,"column":35}},{"start":{"line":15,"column":39},"end":{"line":15,"column":58}}]},"1":{"loc":{"start":{"line":16,"column":4},"end":{"line":16,"column":125}},"type":"if","locations":[{"start":{"line":16,"column":4},"end":{"line":16,"column":125}}]},"2":{"loc":{"start":{"line":16,"column":8},"end":{"line":16,"column":49}},"type":"binary-expr","locations":[{"start":{"line":16,"column":8},"end":{"line":16,"column":19}},{"start":{"line":16,"column":23},"end":{"line":16,"column":38}},{"start":{"line":16,"column":42},"end":{"line":16,"column":49}}]},"3":{"loc":{"start":{"line":28,"column":66},"end":{"line":28,"column":80}},"type":"default-arg","locations":[{"start":{"line":28,"column":78},"end":{"line":28,"column":80}}]}},"s":{"0":15,"1":15,"2":15,"3":15,"4":1,"5":1,"6":1,"7":1,"8":1,"9":0,"10":0,"11":1,"12":15,"13":15,"14":4,"15":15},"f":{"0":1,"1":4},"b":{"0":[1,1],"1":[1],"2":[1,0,0],"3":[0]}}
,"/Users/mathishiguinen/CascadeProjects/video-matchmaking-backend/src/controllers/profile.controller.ts": {"path":"/Users/mathishiguinen/CascadeProjects/video-matchmaking-backend/src/controllers/profile.controller.ts","statementMap":{"0":{"start":{"line":2,"column":0},"end":{"line":2,"column":140}},"1":{"start":{"line":3,"column":0},"end":{"line":3,"column":45}},"2":{"start":{"line":10,"column":28},"end":{"line":22,"column":1}},"3":{"start":{"line":11,"column":2},"end":{"line":21,"column":3}},"4":{"start":{"line":12,"column":4},"end":{"line":12,"column":63}},"5":{"start":{"line":12,"column":23},"end":{"line":12,"column":63}},"6":{"start":{"line":13,"column":20},"end":{"line":13,"column":58}},"7":{"start":{"line":14,"column":4},"end":{"line":14,"column":22}},"8":{"start":{"line":16,"column":4},"end":{"line":20,"column":3}},"9":{"start":{"line":17,"column":4},"end":{"line":17,"column":16}},"10":{"start":{"line":19,"column":4},"end":{"line":19,"column":45}},"11":{"start":{"line":10,"column":13},"end":{"line":10,"column":28}},"12":{"start":{"line":24,"column":31},"end":{"line":36,"column":1}},"13":{"start":{"line":25,"column":2},"end":{"line":35,"column":3}},"14":{"start":{"line":26,"column":4},"end":{"line":26,"column":63}},"15":{"start":{"line":26,"column":23},"end":{"line":26,"column":63}},"16":{"start":{"line":27,"column":20},"end":{"line":27,"column":71}},"17":{"start":{"line":28,"column":4},"end":{"line":28,"column":22}},"18":{"start":{"line":30,"column":4},"end":{"line":34,"column":3}},"19":{"start":{"line":31,"column":4},"end":{"line":31,"column":16}},"20":{"start":{"line":33,"column":4},"end":{"line":33,"column":45}},"21":{"start":{"line":24,"column":13},"end":{"line":24,"column":31}},"22":{"start":{"line":38,"column":30},"end":{"line":49,"column":1}},"23":{"start":{"line":39,"column":2},"end":{"line":48,"column":3}},"24":{"start":{"line":40,"column":20},"end":{"line":40,"column":66}},"25":{"start":{"line":41,"column":4},"end":{"line":41,"column":22}},"26":{"start":{"line":43,"column":4},"end":{"line":47,"column":3}},"27":{"start":{"line":44,"column":4},"end":{"line":44,"column":16}},"28":{"start":{"line":46,"column":4},"end":{"line":46,"column":45}},"29":{"start":{"line":38,"column":13},"end":{"line":38,"column":30}},"30":{"start":{"line":51,"column":34},"end":{"line":64,"column":1}},"31":{"start":{"line":52,"column":2},"end":{"line":63,"column":3}},"32":{"start":{"line":53,"column":4},"end":{"line":53,"column":63}},"33":{"start":{"line":53,"column":23},"end":{"line":53,"column":63}},"34":{"start":{"line":54,"column":4},"end":{"line":54,"column":63}},"35":{"start":{"line":54,"column":19},"end":{"line":54,"column":63}},"36":{"start":{"line":55,"column":22},"end":{"line":55,"column":76}},"37":{"start":{"line":56,"column":4},"end":{"line":56,"column":40}},"38":{"start":{"line":58,"column":4},"end":{"line":62,"column":3}},"39":{"start":{"line":59,"column":4},"end":{"line":59,"column":16}},"40":{"start":{"line":61,"column":4},"end":{"line":61,"column":45}},"41":{"start":{"line":51,"column":13},"end":{"line":51,"column":34}}},"fnMap":{"0":{"name":"(anonymous_0)","decl":{"start":{"line":10,"column":28},"end":{"line":10,"column":33}},"loc":{"start":{"line":10,"column":90},"end":{"line":22,"column":1}}},"1":{"name":"(anonymous_1)","decl":{"start":{"line":24,"column":31},"end":{"line":24,"column":36}},"loc":{"start":{"line":24,"column":93},"end":{"line":36,"column":1}}},"2":{"name":"(anonymous_2)","decl":{"start":{"line":38,"column":30},"end":{"line":38,"column":35}},"loc":{"start":{"line":38,"column":92},"end":{"line":49,"column":1}}},"3":{"name":"(anonymous_3)","decl":{"start":{"line":51,"column":34},"end":{"line":51,"column":39}},"loc":{"start":{"line":51,"column":96},"end":{"line":64,"column":1}}}},"branchMap":{"0":{"loc":{"start":{"line":12,"column":4},"end":{"line":12,"column":63}},"type":"if","locations":[{"start":{"line":12,"column":4},"end":{"line":12,"column":63}}]},"1":{"loc":{"start":{"line":16,"column":4},"end":{"line":20,"column":3}},"type":"if","locations":[{"start":{"line":16,"column":4},"end":{"line":20,"column":3}},{"start":{"line":18,"column":9},"end":{"line":20,"column":3}}]},"2":{"loc":{"start":{"line":26,"column":4},"end":{"line":26,"column":63}},"type":"if","locations":[{"start":{"line":26,"column":4},"end":{"line":26,"column":63}}]},"3":{"loc":{"start":{"line":30,"column":4},"end":{"line":34,"column":3}},"type":"if","locations":[{"start":{"line":30,"column":4},"end":{"line":34,"column":3}},{"start":{"line":32,"column":9},"end":{"line":34,"column":3}}]},"4":{"loc":{"start":{"line":43,"column":4},"end":{"line":47,"column":3}},"type":"if","locations":[{"start":{"line":43,"column":4},"end":{"line":47,"column":3}},{"start":{"line":45,"column":9},"end":{"line":47,"column":3}}]},"5":{"loc":{"start":{"line":53,"column":4},"end":{"line":53,"column":63}},"type":"if","locations":[{"start":{"line":53,"column":4},"end":{"line":53,"column":63}}]},"6":{"loc":{"start":{"line":54,"column":4},"end":{"line":54,"column":63}},"type":"if","locations":[{"start":{"line":54,"column":4},"end":{"line":54,"column":63}}]},"7":{"loc":{"start":{"line":58,"column":4},"end":{"line":62,"column":3}},"type":"if","locations":[{"start":{"line":58,"column":4},"end":{"line":62,"column":3}},{"start":{"line":60,"column":9},"end":{"line":62,"column":3}}]}},"s":{"0":15,"1":15,"2":15,"3":0,"4":0,"5":0,"6":0,"7":0,"8":0,"9":0,"10":0,"11":15,"12":15,"13":0,"14":0,"15":0,"16":0,"17":0,"18":0,"19":0,"20":0,"21":15,"22":15,"23":0,"24":0,"25":0,"26":0,"27":0,"28":0,"29":15,"30":15,"31":0,"32":0,"33":0,"34":0,"35":0,"36":0,"37":0,"38":0,"39":0,"40":0,"41":15},"f":{"0":0,"1":0,"2":0,"3":0},"b":{"0":[0],"1":[0,0],"2":[0],"3":[0,0],"4":[0,0],"5":[0],"6":[0],"7":[0,0]}}
,"/Users/mathishiguinen/CascadeProjects/video-matchmaking-backend/src/controllers/user.controller.ts": {"path":"/Users/mathishiguinen/CascadeProjects/video-matchmaking-backend/src/controllers/user.controller.ts","statementMap":{"0":{"start":{"line":2,"column":0},"end":{"line":2,"column":62}},"1":{"start":{"line":4,"column":27},"end":{"line":11,"column":1}},"2":{"start":{"line":5,"column":2},"end":{"line":10,"column":3}},"3":{"start":{"line":6,"column":19},"end":{"line":6,"column":48}},"4":{"start":{"line":7,"column":4},"end":{"line":7,"column":21}},"5":{"start":{"line":9,"column":4},"end":{"line":9,"column":16}},"6":{"start":{"line":4,"column":13},"end":{"line":4,"column":27}}},"fnMap":{"0":{"name":"(anonymous_0)","decl":{"start":{"line":4,"column":27},"end":{"line":4,"column":32}},"loc":{"start":{"line":4,"column":81},"end":{"line":11,"column":1}}}},"branchMap":{},"s":{"0":15,"1":15,"2":0,"3":0,"4":0,"5":0,"6":15},"f":{"0":0},"b":{}}
,"/Users/mathishiguinen/CascadeProjects/video-matchmaking-backend/src/controllers/video.controller.ts": {"path":"/Users/mathishiguinen/CascadeProjects/video-matchmaking-backend/src/controllers/video.controller.ts","statementMap":{"0":{"start":{"line":2,"column":0},"end":{"line":2,"column":68}},"1":{"start":{"line":3,"column":0},"end":{"line":3,"column":45}},"2":{"start":{"line":5,"column":31},"end":{"line":14,"column":1}},"3":{"start":{"line":6,"column":2},"end":{"line":13,"column":3}},"4":{"start":{"line":7,"column":29},"end":{"line":7,"column":37}},"5":{"start":{"line":8,"column":4},"end":{"line":8,"column":82}},"6":{"start":{"line":8,"column":26},"end":{"line":8,"column":82}},"7":{"start":{"line":9,"column":19},"end":{"line":9,"column":62}},"8":{"start":{"line":10,"column":4},"end":{"line":10,"column":33}},"9":{"start":{"line":12,"column":4},"end":{"line":12,"column":74}},"10":{"start":{"line":12,"column":15},"end":{"line":12,"column":27}},"11":{"start":{"line":12,"column":33},"end":{"line":12,"column":74}},"12":{"start":{"line":5,"column":13},"end":{"line":5,"column":31}}},"fnMap":{"0":{"name":"(anonymous_0)","decl":{"start":{"line":5,"column":31},"end":{"line":5,"column":36}},"loc":{"start":{"line":5,"column":89},"end":{"line":14,"column":1}}}},"branchMap":{"0":{"loc":{"start":{"line":8,"column":4},"end":{"line":8,"column":82}},"type":"if","locations":[{"start":{"line":8,"column":4},"end":{"line":8,"column":82}}]},"1":{"loc":{"start":{"line":8,"column":8},"end":{"line":8,"column":24}},"type":"binary-expr","locations":[{"start":{"line":8,"column":8},"end":{"line":8,"column":14}},{"start":{"line":8,"column":18},"end":{"line":8,"column":24}}]},"2":{"loc":{"start":{"line":12,"column":4},"end":{"line":12,"column":74}},"type":"if","locations":[{"start":{"line":12,"column":4},"end":{"line":12,"column":74}},{"start":{"line":12,"column":33},"end":{"line":12,"column":74}}]}},"s":{"0":15,"1":15,"2":15,"3":4,"4":4,"5":4,"6":2,"7":2,"8":2,"9":2,"10":2,"11":0,"12":15},"f":{"0":4},"b":{"0":[2],"1":[4,2],"2":[2,0]}}
,"/Users/mathishiguinen/CascadeProjects/video-matchmaking-backend/src/controllers/videoCall.controller.ts": {"path":"/Users/mathishiguinen/CascadeProjects/video-matchmaking-backend/src/controllers/videoCall.controller.ts","statementMap":{"0":{"start":{"line":2,"column":0},"end":{"line":2,"column":65}},"1":{"start":{"line":6,"column":4},"end":{"line":14,"column":5}},"2":{"start":{"line":7,"column":33},"end":{"line":7,"column":43}},"3":{"start":{"line":8,"column":24},"end":{"line":8,"column":36}},"4":{"start":{"line":9,"column":28},"end":{"line":9,"column":36}},"5":{"start":{"line":10,"column":19},"end":{"line":10,"column":89}},"6":{"start":{"line":11,"column":6},"end":{"line":11,"column":33}},"7":{"start":{"line":13,"column":6},"end":{"line":13,"column":16}},"8":{"start":{"line":18,"column":4},"end":{"line":24,"column":5}},"9":{"start":{"line":19,"column":25},"end":{"line":19,"column":35}},"10":{"start":{"line":20,"column":6},"end":{"line":20,"column":45}},"11":{"start":{"line":21,"column":6},"end":{"line":21,"column":29}},"12":{"start":{"line":23,"column":6},"end":{"line":23,"column":16}},"13":{"start":{"line":28,"column":4},"end":{"line":34,"column":5}},"14":{"start":{"line":29,"column":33},"end":{"line":29,"column":43}},"15":{"start":{"line":30,"column":19},"end":{"line":30,"column":71}},"16":{"start":{"line":31,"column":6},"end":{"line":31,"column":33}},"17":{"start":{"line":33,"column":6},"end":{"line":33,"column":16}},"18":{"start":{"line":4,"column":0},"end":{"line":4,"column":13}}},"fnMap":{"0":{"name":"(anonymous_0)","decl":{"start":{"line":5,"column":2},"end":{"line":5,"column":8}},"loc":{"start":{"line":5,"column":72},"end":{"line":15,"column":3}}},"1":{"name":"(anonymous_1)","decl":{"start":{"line":17,"column":2},"end":{"line":17,"column":8}},"loc":{"start":{"line":17,"column":70},"end":{"line":25,"column":3}}},"2":{"name":"(anonymous_2)","decl":{"start":{"line":27,"column":2},"end":{"line":27,"column":8}},"loc":{"start":{"line":27,"column":76},"end":{"line":35,"column":3}}}},"branchMap":{},"s":{"0":15,"1":1,"2":1,"3":1,"4":1,"5":1,"6":1,"7":0,"8":1,"9":1,"10":1,"11":1,"12":0,"13":0,"14":0,"15":0,"16":0,"17":0,"18":15},"f":{"0":1,"1":1,"2":0},"b":{}}
,"/Users/mathishiguinen/CascadeProjects/video-matchmaking-backend/src/controllers/videoLiveMatchmaking.controller.ts": {"path":"/Users/mathishiguinen/CascadeProjects/video-matchmaking-backend/src/controllers/videoLiveMatchmaking.controller.ts","statementMap":{"0":{"start":{"line":2,"column":0},"end":{"line":2,"column":null}},"1":{"start":{"line":10,"column":31},"end":{"line":27,"column":1}},"2":{"start":{"line":11,"column":2},"end":{"line":26,"column":3}},"3":{"start":{"line":12,"column":4},"end":{"line":12,"column":37}},"4":{"start":{"line":14,"column":18},"end":{"line":14,"column":50}},"5":{"start":{"line":15,"column":4},"end":{"line":23,"column":5}},"6":{"start":{"line":17,"column":36},"end":{"line":17,"column":74}},"7":{"start":{"line":18,"column":6},"end":{"line":20,"column":40}},"8":{"start":{"line":19,"column":8},"end":{"line":19,"column":108}},"9":{"start":{"line":20,"column":29},"end":{"line":20,"column":38}},"10":{"start":{"line":22,"column":6},"end":{"line":22,"column":35}},"11":{"start":{"line":25,"column":4},"end":{"line":25,"column":16}},"12":{"start":{"line":10,"column":13},"end":{"line":10,"column":31}},"13":{"start":{"line":30,"column":31},"end":{"line":44,"column":1}},"14":{"start":{"line":31,"column":2},"end":{"line":43,"column":3}},"15":{"start":{"line":32,"column":18},"end":{"line":32,"column":50}},"16":{"start":{"line":33,"column":4},"end":{"line":40,"column":5}},"17":{"start":{"line":34,"column":36},"end":{"line":34,"column":74}},"18":{"start":{"line":35,"column":6},"end":{"line":37,"column":40}},"19":{"start":{"line":36,"column":8},"end":{"line":36,"column":108}},"20":{"start":{"line":37,"column":29},"end":{"line":37,"column":38}},"21":{"start":{"line":39,"column":6},"end":{"line":39,"column":35}},"22":{"start":{"line":42,"column":4},"end":{"line":42,"column":16}},"23":{"start":{"line":30,"column":13},"end":{"line":30,"column":31}},"24":{"start":{"line":47,"column":32},"end":{"line":54,"column":1}},"25":{"start":{"line":48,"column":2},"end":{"line":53,"column":3}},"26":{"start":{"line":49,"column":4},"end":{"line":49,"column":38}},"27":{"start":{"line":50,"column":4},"end":{"line":50,"column":29}},"28":{"start":{"line":52,"column":4},"end":{"line":52,"column":16}},"29":{"start":{"line":47,"column":13},"end":{"line":47,"column":32}},"30":{"start":{"line":57,"column":44},"end":{"line":64,"column":1}},"31":{"start":{"line":58,"column":2},"end":{"line":63,"column":3}},"32":{"start":{"line":59,"column":20},"end":{"line":59,"column":50}},"33":{"start":{"line":60,"column":4},"end":{"line":60,"column":28}},"34":{"start":{"line":62,"column":4},"end":{"line":62,"column":16}},"35":{"start":{"line":57,"column":13},"end":{"line":57,"column":44}}},"fnMap":{"0":{"name":"(anonymous_0)","decl":{"start":{"line":10,"column":31},"end":{"line":10,"column":32}},"loc":{"start":{"line":10,"column":79},"end":{"line":27,"column":1}}},"1":{"name":"(anonymous_1)","decl":{"start":{"line":18,"column":46},"end":{"line":18,"column":47}},"loc":{"start":{"line":18,"column":70},"end":{"line":20,"column":7}}},"2":{"name":"(anonymous_2)","decl":{"start":{"line":20,"column":15},"end":{"line":20,"column":16}},"loc":{"start":{"line":20,"column":29},"end":{"line":20,"column":38}}},"3":{"name":"(anonymous_3)","decl":{"start":{"line":30,"column":31},"end":{"line":30,"column":32}},"loc":{"start":{"line":30,"column":79},"end":{"line":44,"column":1}}},"4":{"name":"(anonymous_4)","decl":{"start":{"line":35,"column":46},"end":{"line":35,"column":47}},"loc":{"start":{"line":35,"column":70},"end":{"line":37,"column":7}}},"5":{"name":"(anonymous_5)","decl":{"start":{"line":37,"column":15},"end":{"line":37,"column":16}},"loc":{"start":{"line":37,"column":29},"end":{"line":37,"column":38}}},"6":{"name":"(anonymous_6)","decl":{"start":{"line":47,"column":32},"end":{"line":47,"column":33}},"loc":{"start":{"line":47,"column":80},"end":{"line":54,"column":1}}},"7":{"name":"(anonymous_7)","decl":{"start":{"line":57,"column":44},"end":{"line":57,"column":45}},"loc":{"start":{"line":57,"column":92},"end":{"line":64,"column":1}}}},"branchMap":{"0":{"loc":{"start":{"line":15,"column":4},"end":{"line":23,"column":5}},"type":"if","locations":[{"start":{"line":15,"column":4},"end":{"line":23,"column":5}},{"start":{"line":21,"column":11},"end":{"line":23,"column":5}}]},"1":{"loc":{"start":{"line":33,"column":4},"end":{"line":40,"column":5}},"type":"if","locations":[{"start":{"line":33,"column":4},"end":{"line":40,"column":5}},{"start":{"line":38,"column":11},"end":{"line":40,"column":5}}]},"2":{"loc":{"start":{"line":60,"column":13},"end":{"line":60,"column":26}},"type":"binary-expr","locations":[{"start":{"line":60,"column":13},"end":{"line":60,"column":20}},{"start":{"line":60,"column":24},"end":{"line":60,"column":26}}]}},"s":{"0":15,"1":15,"2":0,"3":0,"4":0,"5":0,"6":0,"7":0,"8":0,"9":0,"10":0,"11":0,"12":15,"13":15,"14":0,"15":0,"16":0,"17":0,"18":0,"19":0,"20":0,"21":0,"22":0,"23":15,"24":15,"25":0,"26":0,"27":0,"28":0,"29":15,"30":15,"31":0,"32":0,"33":0,"34":0,"35":15},"f":{"0":0,"1":0,"2":0,"3":0,"4":0,"5":0,"6":0,"7":0},"b":{"0":[0,0],"1":[0,0],"2":[0,0]}}
,"/Users/mathishiguinen/CascadeProjects/video-matchmaking-backend/src/controllers/videoMatchmaking.controller.ts": {"path":"/Users/mathishiguinen/CascadeProjects/video-matchmaking-backend/src/controllers/videoMatchmaking.controller.ts","statementMap":{"0":{"start":{"line":2,"column":0},"end":{"line":2,"column":82}},"1":{"start":{"line":4,"column":35},"end":{"line":11,"column":1}},"2":{"start":{"line":5,"column":2},"end":{"line":10,"column":3}},"3":{"start":{"line":6,"column":20},"end":{"line":6,"column":76}},"4":{"start":{"line":7,"column":4},"end":{"line":7,"column":22}},"5":{"start":{"line":9,"column":4},"end":{"line":9,"column":16}},"6":{"start":{"line":4,"column":13},"end":{"line":4,"column":35}}},"fnMap":{"0":{"name":"(anonymous_0)","decl":{"start":{"line":4,"column":35},"end":{"line":4,"column":40}},"loc":{"start":{"line":4,"column":89},"end":{"line":11,"column":1}}}},"branchMap":{},"s":{"0":15,"1":15,"2":0,"3":0,"4":0,"5":0,"6":15},"f":{"0":0},"b":{}}
,"/Users/mathishiguinen/CascadeProjects/video-matchmaking-backend/src/controllers/webhook.controller.ts": {"path":"/Users/mathishiguinen/CascadeProjects/video-matchmaking-backend/src/controllers/webhook.controller.ts","statementMap":{"0":{"start":{"line":2,"column":0},"end":{"line":2,"column":54}},"1":{"start":{"line":4,"column":0},"end":{"line":4,"column":51}},"2":{"start":{"line":5,"column":0},"end":{"line":5,"column":68}},"3":{"start":{"line":8,"column":31},"end":{"line":44,"column":1}},"4":{"start":{"line":9,"column":2},"end":{"line":43,"column":3}},"5":{"start":{"line":10,"column":50},"end":{"line":10,"column":58}},"6":{"start":{"line":11,"column":4},"end":{"line":39,"column":5}},"7":{"start":{"line":13,"column":8},"end":{"line":13,"column":24}},"8":{"start":{"line":14,"column":8},"end":{"line":18,"column":9}},"9":{"start":{"line":15,"column":10},"end":{"line":17,"column":11}},"10":{"start":{"line":16,"column":12},"end":{"line":16,"column":81}},"11":{"start":{"line":19,"column":8},"end":{"line":19,"column":89}},"12":{"start":{"line":20,"column":8},"end":{"line":20,"column":14}},"13":{"start":{"line":22,"column":8},"end":{"line":22,"column":99}},"14":{"start":{"line":23,"column":8},"end":{"line":27,"column":9}},"15":{"start":{"line":24,"column":10},"end":{"line":26,"column":11}},"16":{"start":{"line":25,"column":12},"end":{"line":25,"column":95}},"17":{"start":{"line":28,"column":8},"end":{"line":28,"column":14}},"18":{"start":{"line":30,"column":8},"end":{"line":30,"column":99}},"19":{"start":{"line":31,"column":8},"end":{"line":35,"column":9}},"20":{"start":{"line":32,"column":10},"end":{"line":34,"column":11}},"21":{"start":{"line":33,"column":12},"end":{"line":33,"column":95}},"22":{"start":{"line":36,"column":8},"end":{"line":36,"column":14}},"23":{"start":{"line":38,"column":8},"end":{"line":38,"column":75}},"24":{"start":{"line":40,"column":4},"end":{"line":40,"column":45}},"25":{"start":{"line":42,"column":4},"end":{"line":42,"column":16}},"26":{"start":{"line":8,"column":13},"end":{"line":8,"column":31}}},"fnMap":{"0":{"name":"(anonymous_0)","decl":{"start":{"line":8,"column":31},"end":{"line":8,"column":36}},"loc":{"start":{"line":8,"column":89},"end":{"line":44,"column":1}}}},"branchMap":{"0":{"loc":{"start":{"line":11,"column":4},"end":{"line":39,"column":5}},"type":"switch","locations":[{"start":{"line":12,"column":6},"end":{"line":20,"column":14}},{"start":{"line":21,"column":6},"end":{"line":28,"column":14}},{"start":{"line":29,"column":6},"end":{"line":36,"column":14}},{"start":{"line":37,"column":6},"end":{"line":38,"column":75}}]},"1":{"loc":{"start":{"line":14,"column":8},"end":{"line":18,"column":9}},"type":"if","locations":[{"start":{"line":14,"column":8},"end":{"line":18,"column":9}}]},"2":{"loc":{"start":{"line":23,"column":8},"end":{"line":27,"column":9}},"type":"if","locations":[{"start":{"line":23,"column":8},"end":{"line":27,"column":9}}]},"3":{"loc":{"start":{"line":31,"column":8},"end":{"line":35,"column":9}},"type":"if","locations":[{"start":{"line":31,"column":8},"end":{"line":35,"column":9}}]}},"s":{"0":15,"1":15,"2":15,"3":15,"4":4,"5":4,"6":4,"7":2,"8":2,"9":2,"10":4,"11":2,"12":2,"13":2,"14":2,"15":2,"16":2,"17":2,"18":0,"19":0,"20":0,"21":0,"22":0,"23":0,"24":4,"25":0,"26":15},"f":{"0":4},"b":{"0":[2,2,0,0],"1":[2],"2":[2],"3":[0]}}
,"/Users/mathishiguinen/CascadeProjects/video-matchmaking-backend/src/middleware/auth.middleware.ts": {"path":"/Users/mathishiguinen/CascadeProjects/video-matchmaking-backend/src/middleware/auth.middleware.ts","statementMap":{"0":{"start":{"line":2,"column":0},"end":{"line":2,"column":46}},"1":{"start":{"line":3,"column":0},"end":{"line":3,"column":45}},"2":{"start":{"line":9,"column":33},"end":{"line":31,"column":1}},"3":{"start":{"line":14,"column":21},"end":{"line":14,"column":49}},"4":{"start":{"line":15,"column":16},"end":{"line":15,"column":54}},"5":{"start":{"line":17,"column":2},"end":{"line":19,"column":3}},"6":{"start":{"line":18,"column":4},"end":{"line":18,"column":80}},"7":{"start":{"line":21,"column":2},"end":{"line":30,"column":3}},"8":{"start":{"line":22,"column":38},"end":{"line":22,"column":72}},"9":{"start":{"line":23,"column":4},"end":{"line":25,"column":5}},"10":{"start":{"line":24,"column":6},"end":{"line":24,"column":92}},"11":{"start":{"line":26,"column":4},"end":{"line":26,"column":20}},"12":{"start":{"line":27,"column":4},"end":{"line":27,"column":11}},"13":{"start":{"line":29,"column":4},"end":{"line":29,"column":73}},"14":{"start":{"line":9,"column":13},"end":{"line":9,"column":33}}},"fnMap":{"0":{"name":"(anonymous_0)","decl":{"start":{"line":9,"column":33},"end":{"line":9,"column":38}},"loc":{"start":{"line":13,"column":4},"end":{"line":31,"column":1}}}},"branchMap":{"0":{"loc":{"start":{"line":15,"column":16},"end":{"line":15,"column":54}},"type":"binary-expr","locations":[{"start":{"line":15,"column":16},"end":{"line":15,"column":26}},{"start":{"line":15,"column":30},"end":{"line":15,"column":54}}]},"1":{"loc":{"start":{"line":17,"column":2},"end":{"line":19,"column":3}},"type":"if","locations":[{"start":{"line":17,"column":2},"end":{"line":19,"column":3}}]},"2":{"loc":{"start":{"line":23,"column":4},"end":{"line":25,"column":5}},"type":"if","locations":[{"start":{"line":23,"column":4},"end":{"line":25,"column":5}}]},"3":{"loc":{"start":{"line":23,"column":8},"end":{"line":23,"column":22}},"type":"binary-expr","locations":[{"start":{"line":23,"column":8},"end":{"line":23,"column":13}},{"start":{"line":23,"column":17},"end":{"line":23,"column":22}}]}},"s":{"0":15,"1":15,"2":15,"3":12,"4":12,"5":12,"6":3,"7":9,"8":9,"9":9,"10":0,"11":9,"12":9,"13":0,"14":15},"f":{"0":12},"b":{"0":[12,9],"1":[3],"2":[0],"3":[9,9]}}
,"/Users/mathishiguinen/CascadeProjects/video-matchmaking-backend/src/middleware/authenticate.ts": {"path":"/Users/mathishiguinen/CascadeProjects/video-matchmaking-backend/src/middleware/authenticate.ts","statementMap":{"0":{"start":{"line":2,"column":0},"end":{"line":2,"column":43}},"1":{"start":{"line":3,"column":0},"end":{"line":3,"column":45}},"2":{"start":{"line":5,"column":28},"end":{"line":16,"column":1}},"3":{"start":{"line":6,"column":21},"end":{"line":6,"column":49}},"4":{"start":{"line":7,"column":2},"end":{"line":7,"column":71}},"5":{"start":{"line":7,"column":19},"end":{"line":7,"column":71}},"6":{"start":{"line":8,"column":16},"end":{"line":8,"column":40}},"7":{"start":{"line":9,"column":2},"end":{"line":15,"column":3}},"8":{"start":{"line":10,"column":17},"end":{"line":10,"column":35}},"9":{"start":{"line":11,"column":4},"end":{"line":11,"column":20}},"10":{"start":{"line":12,"column":4},"end":{"line":12,"column":11}},"11":{"start":{"line":14,"column":4},"end":{"line":14,"column":45}},"12":{"start":{"line":5,"column":13},"end":{"line":5,"column":28}}},"fnMap":{"0":{"name":"(anonymous_0)","decl":{"start":{"line":5,"column":28},"end":{"line":5,"column":29}},"loc":{"start":{"line":5,"column":76},"end":{"line":16,"column":1}}}},"branchMap":{"0":{"loc":{"start":{"line":7,"column":2},"end":{"line":7,"column":71}},"type":"if","locations":[{"start":{"line":7,"column":2},"end":{"line":7,"column":71}}]}},"s":{"0":15,"1":15,"2":15,"3":5,"4":5,"5":0,"6":5,"7":5,"8":5,"9":0,"10":0,"11":5,"12":15},"f":{"0":5},"b":{"0":[0]}}
,"/Users/mathishiguinen/CascadeProjects/video-matchmaking-backend/src/middleware/error.middleware.ts": {"path":"/Users/mathishiguinen/CascadeProjects/video-matchmaking-backend/src/middleware/error.middleware.ts","statementMap":{"0":{"start":{"line":4,"column":0},"end":{"line":4,"column":16}},"1":{"start":{"line":2,"column":0},"end":{"line":2,"column":45}},"2":{"start":{"line":5,"column":2},"end":{"line":9,"column":3}},"3":{"start":{"line":6,"column":4},"end":{"line":6,"column":60}},"4":{"start":{"line":8,"column":4},"end":{"line":8,"column":61}}},"fnMap":{"0":{"name":"errorHandler","decl":{"start":{"line":4,"column":16},"end":{"line":4,"column":28}},"loc":{"start":{"line":4,"column":86},"end":{"line":10,"column":1}}}},"branchMap":{"0":{"loc":{"start":{"line":5,"column":2},"end":{"line":9,"column":3}},"type":"if","locations":[{"start":{"line":5,"column":2},"end":{"line":9,"column":3}},{"start":{"line":7,"column":9},"end":{"line":9,"column":3}}]}},"s":{"0":15,"1":15,"2":13,"3":8,"4":5},"f":{"0":13},"b":{"0":[8,5]}}
,"/Users/mathishiguinen/CascadeProjects/video-matchmaking-backend/src/middleware/socketJwtAuth.ts": {"path":"/Users/mathishiguinen/CascadeProjects/video-matchmaking-backend/src/middleware/socketJwtAuth.ts","statementMap":{"0":{"start":{"line":4,"column":0},"end":{"line":4,"column":16}},"1":{"start":{"line":1,"column":0},"end":{"line":1,"column":31}},"2":{"start":{"line":5,"column":16},"end":{"line":5,"column":77}},"3":{"start":{"line":6,"column":2},"end":{"line":8,"column":3}},"4":{"start":{"line":7,"column":4},"end":{"line":7,"column":61}},"5":{"start":{"line":9,"column":2},"end":{"line":16,"column":3}},"6":{"start":{"line":10,"column":17},"end":{"line":10,"column":59}},"7":{"start":{"line":12,"column":4},"end":{"line":12,"column":23}},"8":{"start":{"line":13,"column":4},"end":{"line":13,"column":11}},"9":{"start":{"line":15,"column":4},"end":{"line":15,"column":59}}},"fnMap":{"0":{"name":"socketJwtAuthMiddleware","decl":{"start":{"line":4,"column":16},"end":{"line":4,"column":39}},"loc":{"start":{"line":4,"column":83},"end":{"line":17,"column":1}}}},"branchMap":{"0":{"loc":{"start":{"line":5,"column":16},"end":{"line":5,"column":77}},"type":"binary-expr","locations":[{"start":{"line":5,"column":16},"end":{"line":5,"column":44}},{"start":{"line":5,"column":48},"end":{"line":5,"column":77}}]},"1":{"loc":{"start":{"line":6,"column":2},"end":{"line":8,"column":3}},"type":"if","locations":[{"start":{"line":6,"column":2},"end":{"line":8,"column":3}}]}},"s":{"0":14,"1":14,"2":0,"3":0,"4":0,"5":0,"6":0,"7":0,"8":0,"9":0},"f":{"0":0},"b":{"0":[0,0],"1":[0]}}
,"/Users/mathishiguinen/CascadeProjects/video-matchmaking-backend/src/middleware/validateProfile.ts": {"path":"/Users/mathishiguinen/CascadeProjects/video-matchmaking-backend/src/middleware/validateProfile.ts","statementMap":{"0":{"start":{"line":16,"column":0},"end":{"line":16,"column":16}},"1":{"start":{"line":33,"column":0},"end":{"line":33,"column":16}},"2":{"start":{"line":2,"column":0},"end":{"line":2,"column":24}},"3":{"start":{"line":3,"column":0},"end":{"line":3,"column":45}},"4":{"start":{"line":6,"column":13},"end":{"line":14,"column":3}},"5":{"start":{"line":17,"column":16},"end":{"line":17,"column":55}},"6":{"start":{"line":18,"column":2},"end":{"line":20,"column":3}},"7":{"start":{"line":19,"column":4},"end":{"line":19,"column":66}},"8":{"start":{"line":21,"column":2},"end":{"line":21,"column":9}},"9":{"start":{"line":24,"column":13},"end":{"line":26,"column":3}},"10":{"start":{"line":34,"column":2},"end":{"line":36,"column":3}},"11":{"start":{"line":35,"column":4},"end":{"line":35,"column":61}},"12":{"start":{"line":38,"column":2},"end":{"line":38,"column":9}}},"fnMap":{"0":{"name":"validateUpdateProfile","decl":{"start":{"line":16,"column":16},"end":{"line":16,"column":37}},"loc":{"start":{"line":16,"column":85},"end":{"line":22,"column":1}}},"1":{"name":"validatePhotoUpload","decl":{"start":{"line":33,"column":16},"end":{"line":33,"column":35}},"loc":{"start":{"line":33,"column":89},"end":{"line":39,"column":1}}}},"branchMap":{"0":{"loc":{"start":{"line":18,"column":2},"end":{"line":20,"column":3}},"type":"if","locations":[{"start":{"line":18,"column":2},"end":{"line":20,"column":3}}]},"1":{"loc":{"start":{"line":34,"column":2},"end":{"line":36,"column":3}},"type":"if","locations":[{"start":{"line":34,"column":2},"end":{"line":36,"column":3}}]}},"s":{"0":15,"1":15,"2":15,"3":15,"4":15,"5":0,"6":0,"7":0,"8":0,"9":15,"10":0,"11":0,"12":0},"f":{"0":0,"1":0},"b":{"0":[0],"1":[0]}}
,"/Users/mathishiguinen/CascadeProjects/video-matchmaking-backend/src/middleware/validateUserSearch.ts": {"path":"/Users/mathishiguinen/CascadeProjects/video-matchmaking-backend/src/middleware/validateUserSearch.ts","statementMap":{"0":{"start":{"line":17,"column":0},"end":{"line":17,"column":16}},"1":{"start":{"line":2,"column":0},"end":{"line":2,"column":24}},"2":{"start":{"line":3,"column":0},"end":{"line":3,"column":45}},"3":{"start":{"line":5,"column":13},"end":{"line":15,"column":3}},"4":{"start":{"line":18,"column":16},"end":{"line":18,"column":49}},"5":{"start":{"line":19,"column":2},"end":{"line":21,"column":3}},"6":{"start":{"line":20,"column":4},"end":{"line":20,"column":64}},"7":{"start":{"line":22,"column":2},"end":{"line":22,"column":9}}},"fnMap":{"0":{"name":"validateUserSearch","decl":{"start":{"line":17,"column":16},"end":{"line":17,"column":34}},"loc":{"start":{"line":17,"column":82},"end":{"line":23,"column":1}}}},"branchMap":{"0":{"loc":{"start":{"line":19,"column":2},"end":{"line":21,"column":3}},"type":"if","locations":[{"start":{"line":19,"column":2},"end":{"line":21,"column":3}}]}},"s":{"0":15,"1":15,"2":15,"3":15,"4":0,"5":0,"6":0,"7":0},"f":{"0":0},"b":{"0":[0]}}
,"/Users/mathishiguinen/CascadeProjects/video-matchmaking-backend/src/routes/conversation.routes.ts": {"path":"/Users/mathishiguinen/CascadeProjects/video-matchmaking-backend/src/routes/conversation.routes.ts","statementMap":{"0":{"start":{"line":1,"column":0},"end":{"line":1,"column":33}},"1":{"start":{"line":2,"column":0},"end":{"line":2,"column":80}},"2":{"start":{"line":3,"column":0},"end":{"line":3,"column":70}},"3":{"start":{"line":4,"column":0},"end":{"line":4,"column":74}},"4":{"start":{"line":5,"column":0},"end":{"line":5,"column":66}},"5":{"start":{"line":7,"column":15},"end":{"line":7,"column":23}},"6":{"start":{"line":10,"column":0},"end":{"line":10,"column":93}},"7":{"start":{"line":11,"column":0},"end":{"line":11,"column":81}},"8":{"start":{"line":14,"column":0},"end":{"line":14,"column":102}},"9":{"start":{"line":15,"column":0},"end":{"line":15,"column":91}},"10":{"start":{"line":17,"column":0},"end":{"line":17,"column":90}},"11":{"start":{"line":18,"column":0},"end":{"line":18,"column":87}},"12":{"start":{"line":21,"column":0},"end":{"line":21,"column":96}},"13":{"start":{"line":22,"column":0},"end":{"line":22,"column":99}},"14":{"start":{"line":23,"column":0},"end":{"line":23,"column":87}},"15":{"start":{"line":24,"column":0},"end":{"line":24,"column":103}},"16":{"start":{"line":26,"column":0},"end":{"line":26,"column":22}}},"fnMap":{},"branchMap":{},"s":{"0":15,"1":15,"2":15,"3":15,"4":15,"5":15,"6":15,"7":15,"8":15,"9":15,"10":15,"11":15,"12":15,"13":15,"14":15,"15":15,"16":15},"f":{},"b":{}}
,"/Users/mathishiguinen/CascadeProjects/video-matchmaking-backend/src/routes/moderation.routes.ts": {"path":"/Users/mathishiguinen/CascadeProjects/video-matchmaking-backend/src/routes/moderation.routes.ts","statementMap":{"0":{"start":{"line":1,"column":0},"end":{"line":1,"column":33}},"1":{"start":{"line":2,"column":0},"end":{"line":2,"column":66}},"2":{"start":{"line":4,"column":15},"end":{"line":4,"column":23}},"3":{"start":{"line":6,"column":0},"end":{"line":6,"column":35}},"4":{"start":{"line":8,"column":0},"end":{"line":8,"column":22}}},"fnMap":{},"branchMap":{},"s":{"0":15,"1":15,"2":15,"3":15,"4":15},"f":{},"b":{}}
,"/Users/mathishiguinen/CascadeProjects/video-matchmaking-backend/src/routes/upload.routes.ts": {"path":"/Users/mathishiguinen/CascadeProjects/video-matchmaking-backend/src/routes/upload.routes.ts","statementMap":{"0":{"start":{"line":1,"column":0},"end":{"line":1,"column":33}},"1":{"start":{"line":2,"column":0},"end":{"line":2,"column":28}},"2":{"start":{"line":3,"column":0},"end":{"line":3,"column":46}},"3":{"start":{"line":4,"column":0},"end":{"line":4,"column":66}},"4":{"start":{"line":6,"column":15},"end":{"line":6,"column":23}},"5":{"start":{"line":7,"column":15},"end":{"line":7,"column":23}},"6":{"start":{"line":10,"column":0},"end":{"line":25,"column":3}},"7":{"start":{"line":11,"column":2},"end":{"line":24,"column":3}},"8":{"start":{"line":12,"column":17},"end":{"line":12,"column":25}},"9":{"start":{"line":13,"column":4},"end":{"line":13,"column":74}},"10":{"start":{"line":13,"column":15},"end":{"line":13,"column":74}},"11":{"start":{"line":14,"column":16},"end":{"line":14,"column":50}},"12":{"start":{"line":15,"column":21},"end":{"line":15,"column":85}},"13":{"start":{"line":16,"column":28},"end":{"line":18,"column":6}},"14":{"start":{"line":19,"column":4},"end":{"line":19,"column":69}},"15":{"start":{"line":19,"column":15},"end":{"line":19,"column":69}},"16":{"start":{"line":20,"column":32},"end":{"line":20,"column":85}},"17":{"start":{"line":21,"column":4},"end":{"line":21,"column":55}},"18":{"start":{"line":23,"column":4},"end":{"line":23,"column":14}},"19":{"start":{"line":27,"column":0},"end":{"line":27,"column":22}}},"fnMap":{"0":{"name":"(anonymous_1)","decl":{"start":{"line":10,"column":72},"end":{"line":10,"column":77}},"loc":{"start":{"line":10,"column":97},"end":{"line":25,"column":1}}}},"branchMap":{"0":{"loc":{"start":{"line":13,"column":4},"end":{"line":13,"column":74}},"type":"if","locations":[{"start":{"line":13,"column":4},"end":{"line":13,"column":74}}]},"1":{"loc":{"start":{"line":19,"column":4},"end":{"line":19,"column":69}},"type":"if","locations":[{"start":{"line":19,"column":4},"end":{"line":19,"column":69}}]}},"s":{"0":15,"1":15,"2":15,"3":15,"4":15,"5":15,"6":15,"7":0,"8":0,"9":0,"10":0,"11":0,"12":0,"13":0,"14":0,"15":0,"16":0,"17":0,"18":0,"19":15},"f":{"0":0},"b":{"0":[0],"1":[0]}}
,"/Users/mathishiguinen/CascadeProjects/video-matchmaking-backend/src/routes/video.routes.ts": {"path":"/Users/mathishiguinen/CascadeProjects/video-matchmaking-backend/src/routes/video.routes.ts","statementMap":{"0":{"start":{"line":1,"column":0},"end":{"line":1,"column":33}},"1":{"start":{"line":2,"column":0},"end":{"line":2,"column":66}},"2":{"start":{"line":4,"column":15},"end":{"line":4,"column":23}},"3":{"start":{"line":6,"column":0},"end":{"line":6,"column":38}},"4":{"start":{"line":8,"column":0},"end":{"line":8,"column":22}}},"fnMap":{},"branchMap":{},"s":{"0":15,"1":15,"2":15,"3":15,"4":15},"f":{},"b":{}}
,"/Users/mathishiguinen/CascadeProjects/video-matchmaking-backend/src/routes/videoLiveMatchmaking.routes.ts": {"path":"/Users/mathishiguinen/CascadeProjects/video-matchmaking-backend/src/routes/videoLiveMatchmaking.routes.ts","statementMap":{"0":{"start":{"line":1,"column":0},"end":{"line":1,"column":33}},"1":{"start":{"line":2,"column":0},"end":{"line":2,"column":58}},"2":{"start":{"line":3,"column":0},"end":{"line":3,"column":null}},"3":{"start":{"line":10,"column":15},"end":{"line":10,"column":23}},"4":{"start":{"line":12,"column":0},"end":{"line":12,"column":52}},"5":{"start":{"line":13,"column":0},"end":{"line":13,"column":52}},"6":{"start":{"line":14,"column":0},"end":{"line":14,"column":54}},"7":{"start":{"line":15,"column":0},"end":{"line":15,"column":67}},"8":{"start":{"line":17,"column":0},"end":{"line":17,"column":22}}},"fnMap":{},"branchMap":{},"s":{"0":15,"1":15,"2":15,"3":15,"4":15,"5":15,"6":15,"7":15,"8":15},"f":{},"b":{}}
,"/Users/mathishiguinen/CascadeProjects/video-matchmaking-backend/src/routes/videoMatchmaking.routes.ts": {"path":"/Users/mathishiguinen/CascadeProjects/video-matchmaking-backend/src/routes/videoMatchmaking.routes.ts","statementMap":{"0":{"start":{"line":1,"column":0},"end":{"line":1,"column":33}},"1":{"start":{"line":2,"column":0},"end":{"line":2,"column":81}},"2":{"start":{"line":3,"column":0},"end":{"line":3,"column":58}},"3":{"start":{"line":5,"column":15},"end":{"line":5,"column":23}},"4":{"start":{"line":8,"column":0},"end":{"line":8,"column":55}},"5":{"start":{"line":10,"column":0},"end":{"line":10,"column":22}}},"fnMap":{},"branchMap":{},"s":{"0":15,"1":15,"2":15,"3":15,"4":15,"5":15},"f":{},"b":{}}
,"/Users/mathishiguinen/CascadeProjects/video-matchmaking-backend/src/routes/webhook.routes.ts": {"path":"/Users/mathishiguinen/CascadeProjects/video-matchmaking-backend/src/routes/webhook.routes.ts","statementMap":{"0":{"start":{"line":1,"column":0},"end":{"line":1,"column":33}},"1":{"start":{"line":2,"column":0},"end":{"line":2,"column":68}},"2":{"start":{"line":4,"column":15},"end":{"line":4,"column":23}},"3":{"start":{"line":6,"column":0},"end":{"line":6,"column":42}},"4":{"start":{"line":8,"column":0},"end":{"line":8,"column":22}}},"fnMap":{},"branchMap":{},"s":{"0":15,"1":15,"2":15,"3":15,"4":15},"f":{},"b":{}}
,"/Users/mathishiguinen/CascadeProjects/video-matchmaking-backend/src/services/block.service.ts": {"path":"/Users/mathishiguinen/CascadeProjects/video-matchmaking-backend/src/services/block.service.ts","statementMap":{"0":{"start":{"line":4,"column":0},"end":{"line":4,"column":7}},"1":{"start":{"line":10,"column":0},"end":{"line":10,"column":7}},"2":{"start":{"line":15,"column":0},"end":{"line":15,"column":7}},"3":{"start":{"line":1,"column":0},"end":{"line":1,"column":46}},"4":{"start":{"line":2,"column":0},"end":{"line":2,"column":45}},"5":{"start":{"line":5,"column":2},"end":{"line":5,"column":80}},"6":{"start":{"line":5,"column":31},"end":{"line":5,"column":80}},"7":{"start":{"line":6,"column":20},"end":{"line":6,"column":108}},"8":{"start":{"line":7,"column":2},"end":{"line":7,"column":52}},"9":{"start":{"line":7,"column":13},"end":{"line":7,"column":52}},"10":{"start":{"line":11,"column":20},"end":{"line":11,"column":114}},"11":{"start":{"line":12,"column":2},"end":{"line":12,"column":52}},"12":{"start":{"line":12,"column":13},"end":{"line":12,"column":52}},"13":{"start":{"line":16,"column":26},"end":{"line":16,"column":104}},"14":{"start":{"line":17,"column":2},"end":{"line":17,"column":52}},"15":{"start":{"line":17,"column":13},"end":{"line":17,"column":52}},"16":{"start":{"line":18,"column":2},"end":{"line":18,"column":51}},"17":{"start":{"line":18,"column":31},"end":{"line":18,"column":43}}},"fnMap":{"0":{"name":"blockUserService","decl":{"start":{"line":4,"column":22},"end":{"line":4,"column":38}},"loc":{"start":{"line":4,"column":75},"end":{"line":8,"column":1}}},"1":{"name":"unblockUserService","decl":{"start":{"line":10,"column":22},"end":{"line":10,"column":40}},"loc":{"start":{"line":10,"column":77},"end":{"line":13,"column":1}}},"2":{"name":"listBlockedUsersService","decl":{"start":{"line":15,"column":22},"end":{"line":15,"column":45}},"loc":{"start":{"line":15,"column":63},"end":{"line":19,"column":1}}},"3":{"name":"(anonymous_3)","decl":{"start":{"line":18,"column":19},"end":{"line":18,"column":20}},"loc":{"start":{"line":18,"column":31},"end":{"line":18,"column":43}}}},"branchMap":{"0":{"loc":{"start":{"line":5,"column":2},"end":{"line":5,"column":80}},"type":"if","locations":[{"start":{"line":5,"column":2},"end":{"line":5,"column":80}}]},"1":{"loc":{"start":{"line":7,"column":2},"end":{"line":7,"column":52}},"type":"if","locations":[{"start":{"line":7,"column":2},"end":{"line":7,"column":52}}]},"2":{"loc":{"start":{"line":12,"column":2},"end":{"line":12,"column":52}},"type":"if","locations":[{"start":{"line":12,"column":2},"end":{"line":12,"column":52}}]},"3":{"loc":{"start":{"line":17,"column":2},"end":{"line":17,"column":52}},"type":"if","locations":[{"start":{"line":17,"column":2},"end":{"line":17,"column":52}}]},"4":{"loc":{"start":{"line":18,"column":9},"end":{"line":18,"column":50}},"type":"binary-expr","locations":[{"start":{"line":18,"column":9},"end":{"line":18,"column":44}},{"start":{"line":18,"column":48},"end":{"line":18,"column":50}}]}},"s":{"0":15,"1":15,"2":15,"3":15,"4":15,"5":0,"6":0,"7":0,"8":0,"9":0,"10":0,"11":0,"12":0,"13":0,"14":0,"15":0,"16":0,"17":0},"f":{"0":0,"1":0,"2":0,"3":0},"b":{"0":[0],"1":[0],"2":[0],"3":[0],"4":[0,0]}}
,"/Users/mathishiguinen/CascadeProjects/video-matchmaking-backend/src/services/conversation.service.ts": {"path":"/Users/mathishiguinen/CascadeProjects/video-matchmaking-backend/src/services/conversation.service.ts","statementMap":{"0":{"start":{"line":1,"column":0},"end":{"line":1,"column":46}},"1":{"start":{"line":7,"column":21},"end":{"line":7,"column":80}},"2":{"start":{"line":9,"column":28},"end":{"line":14,"column":15}},"3":{"start":{"line":15,"column":4},"end":{"line":15,"column":26}},"4":{"start":{"line":15,"column":14},"end":{"line":15,"column":26}},"5":{"start":{"line":17,"column":48},"end":{"line":21,"column":15}},"6":{"start":{"line":22,"column":4},"end":{"line":22,"column":54}},"7":{"start":{"line":22,"column":19},"end":{"line":22,"column":54}},"8":{"start":{"line":23,"column":4},"end":{"line":23,"column":19}},"9":{"start":{"line":27,"column":28},"end":{"line":31,"column":48}},"10":{"start":{"line":32,"column":4},"end":{"line":32,"column":46}},"11":{"start":{"line":32,"column":15},"end":{"line":32,"column":46}},"12":{"start":{"line":33,"column":4},"end":{"line":33,"column":22}},"13":{"start":{"line":37,"column":34},"end":{"line":41,"column":15}},"14":{"start":{"line":42,"column":4},"end":{"line":42,"column":66}},"15":{"start":{"line":42,"column":24},"end":{"line":42,"column":66}},"16":{"start":{"line":43,"column":4},"end":{"line":45,"column":5}},"17":{"start":{"line":44,"column":6},"end":{"line":44,"column":40}},"18":{"start":{"line":46,"column":30},"end":{"line":49,"column":31}},"19":{"start":{"line":50,"column":4},"end":{"line":50,"column":48}},"20":{"start":{"line":50,"column":16},"end":{"line":50,"column":48}},"21":{"start":{"line":52,"column":27},"end":{"line":52,"column":52}},"22":{"start":{"line":53,"column":4},"end":{"line":53,"column":74}},"23":{"start":{"line":54,"column":4},"end":{"line":54,"column":74}},"24":{"start":{"line":4,"column":0},"end":{"line":4,"column":13}}},"fnMap":{"0":{"name":"(anonymous_9)","decl":{"start":{"line":5,"column":2},"end":{"line":5,"column":8}},"loc":{"start":{"line":5,"column":71},"end":{"line":24,"column":3}}},"1":{"name":"(anonymous_10)","decl":{"start":{"line":26,"column":2},"end":{"line":26,"column":8}},"loc":{"start":{"line":26,"column":51},"end":{"line":34,"column":3}}},"2":{"name":"(anonymous_11)","decl":{"start":{"line":36,"column":2},"end":{"line":36,"column":8}},"loc":{"start":{"line":36,"column":72},"end":{"line":55,"column":3}}},"3":{"name":"(anonymous_12)","decl":{"start":{"line":52,"column":27},"end":{"line":52,"column":40}},"loc":{"start":{"line":52,"column":27},"end":{"line":52,"column":52}}}},"branchMap":{"0":{"loc":{"start":{"line":7,"column":21},"end":{"line":7,"column":80}},"type":"cond-expr","locations":[{"start":{"line":7,"column":41},"end":{"line":7,"column":59}},{"start":{"line":7,"column":62},"end":{"line":7,"column":80}}]},"1":{"loc":{"start":{"line":15,"column":4},"end":{"line":15,"column":26}},"type":"if","locations":[{"start":{"line":15,"column":4},"end":{"line":15,"column":26}}]},"2":{"loc":{"start":{"line":22,"column":4},"end":{"line":22,"column":54}},"type":"if","locations":[{"start":{"line":22,"column":4},"end":{"line":22,"column":54}}]},"3":{"loc":{"start":{"line":32,"column":4},"end":{"line":32,"column":46}},"type":"if","locations":[{"start":{"line":32,"column":4},"end":{"line":32,"column":46}}]},"4":{"loc":{"start":{"line":33,"column":11},"end":{"line":33,"column":21}},"type":"binary-expr","locations":[{"start":{"line":33,"column":11},"end":{"line":33,"column":15}},{"start":{"line":33,"column":19},"end":{"line":33,"column":21}}]},"5":{"loc":{"start":{"line":42,"column":4},"end":{"line":42,"column":66}},"type":"if","locations":[{"start":{"line":42,"column":4},"end":{"line":42,"column":66}}]},"6":{"loc":{"start":{"line":42,"column":8},"end":{"line":42,"column":22}},"type":"binary-expr","locations":[{"start":{"line":42,"column":8},"end":{"line":42,"column":13}},{"start":{"line":42,"column":17},"end":{"line":42,"column":22}}]},"7":{"loc":{"start":{"line":43,"column":4},"end":{"line":45,"column":5}},"type":"if","locations":[{"start":{"line":43,"column":4},"end":{"line":45,"column":5}}]},"8":{"loc":{"start":{"line":43,"column":8},"end":{"line":43,"column":60}},"type":"binary-expr","locations":[{"start":{"line":43,"column":8},"end":{"line":43,"column":32}},{"start":{"line":43,"column":36},"end":{"line":43,"column":60}}]},"9":{"loc":{"start":{"line":50,"column":4},"end":{"line":50,"column":48}},"type":"if","loca
[...]
": {"path":"/Users/mathishiguinen/CascadeProjects/video-matchmaking-backend/src/services/videoLiveMatchmaking.service.ts","statementMap":{"0":{"start":{"line":13,"column":0},"end":{"line":13,"column":16}},"1":{"start":{"line":20,"column":0},"end":{"line":20,"column":16}},"2":{"start":{"line":33,"column":0},"end":{"line":33,"column":16}},"3":{"start":{"line":62,"column":0},"end":{"line":62,"column":16}},"4":{"start":{"line":3,"column":0},"end":{"line":3,"column":36}},"5":{"start":{"line":7,"column":20},"end":{"line":7,"column":45}},"6":{"start":{"line":9,"column":23},"end":{"line":9,"column":74}},"7":{"start":{"line":11,"column":18},"end":{"line":11,"column":48}},"8":{"start":{"line":14,"column":2},"end":{"line":17,"column":3}},"9":{"start":{"line":15,"column":4},"end":{"line":15,"column":32}},"10":{"start":{"line":16,"column":4},"end":{"line":16,"column":37}},"11":{"start":{"line":21,"column":20},"end":{"line":21,"column":43}},"12":{"start":{"line":22,"column":2},"end":{"line":28,"column":3}},"13":{"start":{"line":23,"column":20},"end":{"line":23,"column":50}},"14":{"start":{"line":25,"column":4},"end":{"line":25,"column":37}},"15":{"start":{"line":26,"column":4},"end":{"line":26,"column":69}},"16":{"start":{"line":26,"column":34},"end":{"line":26,"column":69}},"17":{"start":{"line":27,"column":4},"end":{"line":27,"column":69}},"18":{"start":{"line":27,"column":34},"end":{"line":27,"column":69}},"19":{"start":{"line":29,"column":2},"end":{"line":29,"column":29}},"20":{"start":{"line":30,"column":2},"end":{"line":30,"column":27}},"21":{"start":{"line":35,"column":23},"end":{"line":35,"column":46}},"22":{"start":{"line":36,"column":2},"end":{"line":41,"column":3}},"23":{"start":{"line":37,"column":20},"end":{"line":37,"column":53}},"24":{"start":{"line":38,"column":18},"end":{"line":38,"column":74}},"25":{"start":{"line":39,"column":4},"end":{"line":39,"column":42}},"26":{"start":{"line":39,"column":15},"end":{"line":39,"column":42}},"27":{"start":{"line":40,"column":4},"end":{"line":40,"column":40}},"28":{"start":{"line":43,"column":22},"end":{"line":43,"column":56}},"29":{"start":{"line":44,"column":2},"end":{"line":56,"column":3}},"30":{"start":{"line":45,"column":4},"end":{"line":55,"column":5}},"31":{"start":{"line":47,"column":24},"end":{"line":47,"column":32}},"32":{"start":{"line":48,"column":6},"end":{"line":48,"column":71}},"33":{"start":{"line":49,"column":6},"end":{"line":49,"column":41}},"34":{"start":{"line":50,"column":6},"end":{"line":50,"column":42}},"35":{"start":{"line":51,"column":6},"end":{"line":51,"column":31}},"36":{"start":{"line":52,"column":6},"end":{"line":52,"column":56}},"37":{"start":{"line":53,"column":6},"end":{"line":53,"column":41}},"38":{"start":{"line":54,"column":6},"end":{"line":54,"column":47}},"39":{"start":{"line":58,"column":2},"end":{"line":58,"column":30}},"40":{"start":{"line":59,"column":2},"end":{"line":59,"column":14}},"41":{"start":{"line":63,"column":20},"end":{"line":63,"column":43}},"42":{"start":{"line":64,"column":2},"end":{"line":66,"column":3}},"43":{"start":{"line":65,"column":4},"end":{"line":65,"column":60}},"44":{"start":{"line":67,"column":2},"end":{"line":67,"column":14}}},"fnMap":{"0":{"name":"joinLiveMatchmaking","decl":{"start":{"line":13,"column":16},"end":{"line":13,"column":35}},"loc":{"start":{"line":13,"column":50},"end":{"line":18,"column":1}}},"1":{"name":"leaveLiveMatchmaking","decl":{"start":{"line":20,"column":16},"end":{"line":20,"column":36}},"loc":{"start":{"line":20,"column":51},"end":{"line":31,"column":1}}},"2":{"name":"nextLiveMatchmaking","decl":{"start":{"line":33,"column":16},"end":{"line":33,"column":35}},"loc":{"start":{"line":33,"column":50},"end":{"line":60,"column":1}}},"3":{"name":"getCurrentSession","decl":{"start":{"line":62,"column":16},"end":{"line":62,"column":33}},"loc":{"start":{"line":62,"column":48},"end":{"line":68,"column":1}}}},"branchMap":{"0":{"loc":{"start":{"line":14,"column":2},"end":{"line":17,"column":3}},"type":"if","locations":[{"start":{"line":14,"column":2},"end":{"line":17,"column":3}}]},"1":{"loc":{"start":{"line":22,"column":2},"end":{"line":28,"column":3}},"type":"if","locations":[{"start":{"line":22,"column":2},"end":{"line":28,"column":3}}]},"2":{"loc":{"start":{"line":22,"column":6},"end":{"line":22,"column":48}},"type":"binary-expr","locations":[{"start":{"line":22,"column":6},"end":{"line":22,"column":15}},{"start":{"line":22,"column":19},"end":{"line":22,"column":48}}]},"3":{"loc":{"start":{"line":26,"column":4},"end":{"line":26,"column":69}},"type":"if","locations":[{"start":{"line":26,"column":4},"end":{"line":26,"column":69}}]},"4":{"loc":{"start":{"line":27,"column":4},"end":{"line":27,"column":69}},"type":"if","locations":[{"start":{"line":27,"column":4},"end":{"line":27,"column":69}}]},"5":{"loc":{"start":{"line":36,"column":2},"end":{"line":41,"column":3}},"type":"if","locations":[{"start":{"line":36,"column":2},"end":{"line":41,"column":3}}]},"6":{"loc":{"start":{"line":36,"column":6},"end":{"line":36,"column":54}},"type":"binary-expr","locations":[{"start":{"line":36,"column":6},"end":{"line":36,"column":18}},{"start":{"line":36,"column":22},"end":{"line":36,"column":54}}]},"7":{"loc":{"start":{"line":38,"column":18},"end":{"line":38,"column":74}},"type":"cond-expr","locations":[{"start":{"line":38,"column":45},"end":{"line":38,"column":58}},{"start":{"line":38,"column":61},"end":{"line":38,"column":74}}]},"8":{"loc":{"start":{"line":39,"column":4},"end":{"line":39,"column":42}},"type":"if","locations":[{"start":{"line":39,"column":4},"end":{"line":39,"column":42}}]},"9":{"loc":{"start":{"line":43,"column":22},"end":{"line":43,"column":56}},"type":"binary-expr","locations":[{"start":{"line":43,"column":22},"end":{"line":43,"column":43}},{"start":{"line":43,"column":47},"end":{"line":43,"column":56}}]},"10":{"loc":{"start":{"line":45,"column":4},"end":{"line":55,"column":5}},"type":"if","locations":[{"start":{"line":45,"column":4},"end":{"line":55,"column":5}}]},"11":{"loc":{"start":{"line":45,"column":8},"end":{"line":45,"column":72}},"type":"binary-expr","locations":[{"start":{"line":45,"column":8},"end":{"line":45,"column":26}},{"start":{"line":45,"column":30},"end":{"line":45,"column":41}},{"start":{"line":45,"column":45},"end":{"line":45,"column":72}}]},"12":{"loc":{"start":{"line":52,"column":7},"end":{"line":52,"column":42}},"type":"binary-expr","locations":[{"start":{"line":52,"column":7},"end":{"line":52,"column":29}},{"start":{"line":52,"column":33},"end":{"line":52,"column":42}}]},"13":{"loc":{"start":{"line":64,"column":2},"end":{"line":66,"column":3}},"type":"if","locations":[{"start":{"line":64,"column":2},"end":{"line":66,"column":3}}]},"14":{"loc":{"start":{"line":64,"column":6},"end":{"line":64,"column":48}},"type":"binary-expr","locations":[{"start":{"line":64,"column":6},"end":{"line":64,"column":15}},{"start":{"line":64,"column":19},"end":{"line":64,"column":48}}]}},"s":{"0":15,"1":15,"2":15,"3":15,"4":15,"5":15,"6":15,"7":15,"8":0,"9":0,"10":0,"11":0,"12":0,"13":0,"14":0,"15":0,"16":0,"17":0,"18":0,"19":0,"20":0,"21":0,"22":0,"23":0,"24":0,"25":0,"26":0,"27":0,"28":0,"29":0,"30":0,"31":0,"32":0,"33":0,"34":0,"35":0,"36":0,"37":0,"38":0,"39":0,"40":0,"41":0,"42":0,"43":0,"44":0},"f":{"0":0,"1":0,"2":0,"3":0},"b":{"0":[0],"1":[0],"2":[0,0],"3":[0],"4":[0],"5":[0],"6":[0,0],"7":[0,0],"8":[0],"9":[0,0],"10":[0],"11":[0,0,0],"12":[0,0],"13":[0],"14":[0,0]}}
,"/Users/mathishiguinen/CascadeProjects/video-matchmaking-backend/src/services/videoMatchmaking.service.ts": {"path":"/Users/mathishiguinen/CascadeProjects/video-matchmaking-backend/src/services/videoMatchmaking.service.ts","statementMap":{"0":{"start":{"line":4,"column":0},"end":{"line":4,"column":7}},"1":{"start":{"line":1,"column":0},"end":{"line":1,"column":52}},"2":{"start":{"line":2,"column":0},"end":{"line":2,"column":45}},"3":{"start":{"line":7,"column":28},"end":{"line":7,"column":151}},"4":{"start":{"line":8,"column":20},"end":{"line":8,"column":102}},"5":{"start":{"line":8,"column":45},"end":{"line":8,"column":95}},"6":{"start":{"line":9,"column":28},"end":{"line":9,"column":103}},"7":{"start":{"line":10,"column":21},"end":{"line":10,"column":65}},"8":{"start":{"line":10,"column":46},"end":{"line":10,"column":58}},"9":{"start":{"line":12,"column":14},"end":{"line":12,"column":69}},"10":{"start":{"line":13,"column":2},"end":{"line":13,"column":71}},"11":{"start":{"line":13,"column":24},"end":{"line":13,"column":71}},"12":{"start":{"line":14,"column":2},"end":{"line":14,"column":80}},"13":{"start":{"line":14,"column":27},"end":{"line":14,"column":80}},"14":{"start":{"line":15,"column":2},"end":{"line":15,"column":65}},"15":{"start":{"line":15,"column":22},"end":{"line":15,"column":65}},"16":{"start":{"line":16,"column":2},"end":{"line":16,"column":63}},"17":{"start":{"line":16,"column":22},"end":{"line":16,"column":63}},"18":{"start":{"line":17,"column":2},"end":{"line":17,"column":63}},"19":{"start":{"line":17,"column":22},"end":{"line":17,"column":63}},"20":{"start":{"line":18,"column":2},"end":{"line":18,"column":86}},"21":{"start":{"line":18,"column":28},"end":{"line":18,"column":86}},"22":{"start":{"line":19,"column":2},"end":{"line":19,"column":88}},"23":{"start":{"line":19,"column":29},"end":{"line":19,"column":88}},"24":{"start":{"line":21,"column":26},"end":{"line":21,"column":46}},"25":{"start":{"line":22,"column":2},"end":{"line":22,"column":91}},"26":{"start":{"line":22,"column":43},"end":{"line":22,"column":91}},"27":{"start":{"line":23,"column":2},"end":{"line":23,"column":17}}},"fnMap":{"0":{"name":"getNextVideoProfileService","decl":{"start":{"line":4,"column":22},"end":{"line":4,"column":48}},"loc":{"start":{"line":4,"column":77},"end":{"line":24,"column":1}}},"1":{"name":"(anonymous_1)","decl":{"start":{"line":8,"column":33},"end":{"line":8,"column":34}},"loc":{"start":{"line":8,"column":45},"end":{"line":8,"column":95}}},"2":{"name":"(anonymous_2)","decl":{"start":{"line":10,"column":34},"end":{"line":10,"column":35}},"loc":{"start":{"line":10,"column":46},"end":{"line":10,"column":58}}}},"branchMap":{"0":{"loc":{"start":{"line":8,"column":20},"end":{"line":8,"column":102}},"type":"binary-expr","locations":[{"start":{"line":8,"column":20},"end":{"line":8,"column":96}},{"start":{"line":8,"column":100},"end":{"line":8,"column":102}}]},"1":{"loc":{"start":{"line":8,"column":45},"end":{"line":8,"column":95}},"type":"cond-expr","locations":[{"start":{"line":8,"column":70},"end":{"line":8,"column":81}},{"start":{"line":8,"column":84},"end":{"line":8,"column":95}}]},"2":{"loc":{"start":{"line":10,"column":21},"end":{"line":10,"column":65}},"type":"binary-expr","locations":[{"start":{"line":10,"column":21},"end":{"line":10,"column":59}},{"start":{"line":10,"column":63},"end":{"line":10,"column":65}}]},"3":{"loc":{"start":{"line":13,"column":2},"end":{"line":13,"column":71}},"type":"if","locations":[{"start":{"line":13,"column":2},"end":{"line":13,"column":71}}]},"4":{"loc":{"start":{"line":14,"column":2},"end":{"line":14,"column":80}},"type":"if","locations":[{"start":{"line":14,"column":2},"end":{"line":14,"column":80}}]},"5":{"loc":{"start":{"line":15,"column":2},"end":{"line":15,"column":65}},"type":"if","locations":[{"start":{"line":15,"column":2},"end":{"line":15,"column":65}}]},"6":{"loc":{"start":{"line":16,"column":2},"end":{"line":16,"column":63}},"type":"if","locations":[{"start":{"line":16,"column":2},"end":{"line":16,"column":63}}]},"7":{"loc":{"start":{"line":17,"column":2},"end":{"line":17,"column":63}},"type":"if","locations":[{"start":{"line":17,"column":2},"end":{"line":17,"column":63}}]},"8":{"loc":{"start":{"line":18,"column":2},"end":{"line":18,"column":86}},"type":"if","locations":[{"start":{"line":18,"column":2},"end":{"line":18,"column":86}}]},"9":{"loc":{"start":{"line":19,"column":2},"end":{"line":19,"column":88}},"type":"if","locations":[{"start":{"line":19,"column":2},"end":{"line":19,"column":88}}]},"10":{"loc":{"start":{"line":22,"column":2},"end":{"line":22,"column":91}},"type":"if","locations":[{"start":{"line":22,"column":2},"end":{"line":22,"column":91}}]},"11":{"loc":{"start":{"line":22,"column":6},"end":{"line":22,"column":41}},"type":"binary-expr","locations":[{"start":{"line":22,"column":6},"end":{"line":22,"column":11}},{"start":{"line":22,"column":15},"end":{"line":22,"column":20}},{"start":{"line":22,"column":24},"end":{"line":22,"column":41}}]}},"s":{"0":15,"1":15,"2":15,"3":0,"4":0,"5":0,"6":0,"7":0,"8":0,"9":0,"10":0,"11":0,"12":0,"13":0,"14":0,"15":0,"16":0,"17":0,"18":0,"19":0,"20":0,"21":0,"22":0,"23":0,"24":0,"25":0,"26":0,"27":0},"f":{"0":0,"1":0,"2":0},"b":{"0":[0,0],"1":[0,0],"2":[0,0],"3":[0],"4":[0],"5":[0],"6":[0],"7":[0],"8":[0],"9":[0],"10":[0],"11":[0,0,0]}}
,"/Users/mathishiguinen/CascadeProjects/video-matchmaking-backend/src/utils/ApiError.ts": {"path":"/Users/mathishiguinen/CascadeProjects/video-matchmaking-backend/src/utils/ApiError.ts","statementMap":{"0":{"start":{"line":4,"column":4},"end":{"line":4,"column":19}},"1":{"start":{"line":5,"column":4},"end":{"line":5,"column":33}},"2":{"start":{"line":6,"column":4},"end":{"line":6,"column":52}},"3":{"start":{"line":1,"column":0},"end":{"line":1,"column":13}}},"fnMap":{"0":{"name":"(anonymous_0)","decl":{"start":{"line":3,"column":2},"end":{"line":3,"column":14}},"loc":{"start":{"line":3,"column":49},"end":{"line":7,"column":3}}}},"branchMap":{},"s":{"0":5,"1":5,"2":5,"3":15},"f":{"0":5},"b":{}}
,"/Users/mathishiguinen/CascadeProjects/video-matchmaking-backend/src/utils/AppError.ts": {"path":"/Users/mathishiguinen/CascadeProjects/video-matchmaking-backend/src/utils/AppError.ts","statementMap":{"0":{"start":{"line":4,"column":4},"end":{"line":4,"column":19}},"1":{"start":{"line":5,"column":4},"end":{"line":5,"column":33}},"2":{"start":{"line":6,"column":4},"end":{"line":6,"column":52}},"3":{"start":{"line":1,"column":0},"end":{"line":1,"column":13}}},"fnMap":{"0":{"name":"(anonymous_0)","decl":{"start":{"line":3,"column":2},"end":{"line":3,"column":14}},"loc":{"start":{"line":3,"column":49},"end":{"line":7,"column":3}}}},"branchMap":{},"s":{"0":8,"1":8,"2":8,"3":15},"f":{"0":8},"b":{}}
,"/Users/mathishiguinen/CascadeProjects/video-matchmaking-backend/src/utils/jwt.ts": {"path":"/Users/mathishiguinen/CascadeProjects/video-matchmaking-backend/src/utils/jwt.ts","statementMap":{"0":{"start":{"line":5,"column":0},"end":{"line":5,"column":16}},"1":{"start":{"line":1,"column":0},"end":{"line":1,"column":31}},"2":{"start":{"line":3,"column":19},"end":{"line":3,"column":57}},"3":{"start":{"line":6,"column":2},"end":{"line":6,"column":39}}},"fnMap":{"0":{"name":"verifyToken","decl":{"start":{"line":5,"column":16},"end":{"line":5,"column":27}},"loc":{"start":{"line":5,"column":41},"end":{"line":7,"column":1}}}},"branchMap":{"0":{"loc":{"start":{"line":3,"column":19},"end":{"line":3,"column":57}},"type":"binary-expr","locations":[{"start":{"line":3,"column":19},"end":{"line":3,"column":41}},{"start":{"line":3,"column":45},"end":{"line":3,"column":57}}]}},"s":{"0":15,"1":15,"2":15,"3":5},"f":{"0":5},"b":{"0":[15,0]}}
,"/Users/mathishiguinen/CascadeProjects/video-matchmaking-backend/tests/supabase-auth.test-utils.ts": {"path":"/Users/mathishiguinen/CascadeProjects/video-matchmaking-backend/tests/supabase-auth.test-utils.ts","statementMap":{"0":{"start":{"line":9,"column":0},"end":{"line":9,"column":7}},"1":{"start":{"line":67,"column":0},"end":{"line":67,"column":16}},"2":{"start":{"line":1,"column":0},"end":{"line":1,"column":32}},"3":{"start":{"line":2,"column":0},"end":{"line":2,"column":29}},"4":{"start":{"line":3,"column":0},"end":{"line":3,"column":66}},"5":{"start":{"line":10,"column":16},"end":{"line":10,"column":84}},"6":{"start":{"line":11,"column":19},"end":{"line":11,"column":37}},"7":{"start":{"line":14,"column":20},"end":{"line":23,"column":6}},"8":{"start":{"line":25,"column":35},"end":{"line":25,"column":44}},"9":{"start":{"line":26,"column":2},"end":{"line":30,"column":3}},"10":{"start":{"line":27,"column":4},"end":{"line":27,"column":36}},"11":{"start":{"line":28,"column":9},"end":{"line":30,"column":3}},"12":{"start":{"line":29,"column":4},"end":{"line":29,"column":35}},"13":{"start":{"line":31,"column":2},"end":{"line":34,"column":3}},"14":{"start":{"line":32,"column":4},"end":{"line":32,"column":67}},"15":{"start":{"line":33,"column":4},"end":{"line":33,"column":72}},"16":{"start":{"line":37,"column":19},"end":{"line":39,"column":30}},"17":{"start":{"line":41,"column":14},"end":{"line":41,"column":69}},"18":{"start":{"line":42,"column":2},"end":{"line":44,"column":3}},"19":{"start":{"line":43,"column":4},"end":{"line":43,"column":70}},"20":{"start":{"line":47,"column":34},"end":{"line":55,"column":4}},"21":{"start":{"line":56,"column":2},"end":{"line":59,"column":3}},"22":{"start":{"line":57,"column":4},"end":{"line":57,"column":57}},"23":{"start":{"line":58,"column":4},"end":{"line":58,"column":70}},"24":{"start":{"line":61,"column":2},"end":{"line":61,"column":42}},"25":{"start":{"line":68,"column":2},"end":{"line":68,"column":44}}},"fnMap":{"0":{"name":"createSupabaseTestUser","decl":{"start":{"line":9,"column":22},"end":{"line":9,"column":44}},"loc":{"start":{"line":9,"column":56},"end":{"line":62,"column":1}}},"1":{"name":"getSupabaseAuthHeader","decl":{"start":{"line":67,"column":16},"end":{"line":67,"column":37}},"loc":{"start":{"line":67,"column":49},"end":{"line":69,"column":1}}}},"branchMap":{"0":{"loc":{"start":{"line":9,"column":45},"end":{"line":9,"column":56}},"type":"default-arg","locations":[{"start":{"line":9,"column":54},"end":{"line":9,"column":56}}]},"1":{"loc":{"start":{"line":26,"column":2},"end":{"line":30,"column":3}},"type":"if","locations":[{"start":{"line":26,"column":2},"end":{"line":30,"column":3}},{"start":{"line":28,"column":9},"end":{"line":30,"column":3}}]},"2":{"loc":{"start":{"line":26,"column":6},"end":{"line":26,"column":69}},"type":"binary-expr","locations":[{"start":{"line":26,"column":6},"end":{"line":26,"column":20}},{"start":{"line":26,"column":24},"end":{"line":26,"column":43}},{"start":{"line":26,"column":47},"end":{"line":26,"column":69}}]},"3":{"loc":{"start":{"line":28,"column":9},"end":{"line":30,"column":3}},"type":"if","locations":[{"start":{"line":28,"column":9},"end":{"line":30,"column":3}}]},"4":{"loc":{"start":{"line":28,"column":13},"end":{"line":28,"column":52}},"type":"binary-expr","locations":[{"start":{"line":28,"column":13},"end":{"line":28,"column":27}},{"start":{"line":28,"column":31},"end":{"line":28,"column":52}}]},"5":{"loc":{"start":{"line":31,"column":2},"end":{"line":34,"column":3}},"type":"if","locations":[{"start":{"line":31,"column":2},"end":{"line":34,"column":3}}]},"6":{"loc":{"start":{"line":41,"column":14},"end":{"line":41,"column":69}},"type":"binary-expr","locations":[{"start":{"line":41,"column":14},"end":{"line":41,"column":40}},{"start":{"line":41,"column":44},"end":{"line":41,"column":69}}]},"7":{"loc":{"start":{"line":42,"column":2},"end":{"line":44,"column":3}},"type":"if","locations":[{"start":{"line":42,"column":2},"end":{"line":44,"column":3}}]},"8":{"loc":{"start":{"line":56,"column":2},"end":{"line":59,"column":3}},"type":"if","locations":[{"start":{"line":56,"column":2},"end":{"line":59,"column":3}}]}},"s":{"0":2,"1":2,"2":2,"3":2,"4":2,"5":4,"6":4,"7":4,"8":4,"9":4,"10":0,"11":4,"12":4,"13":4,"14":0,"15":0,"16":4,"17":4,"18":4,"19":0,"20":4,"21":4,"22":0,"23":0,"24":4,"25":2},"f":{"0":4,"1":2},"b":{"0":[2],"1":[0,4],"2":[4,4,0],"3":[4],"4":[4,4],"5":[0],"6":[4,4],"7":[0],"8":[0]}}
,"/Users/mathishiguinen/CascadeProjects/video-matchmaking-backend/tests/supabase-client.test-utils.ts": {"path":"/Users/mathishiguinen/CascadeProjects/video-matchmaking-backend/tests/supabase-client.test-utils.ts","statementMap":{"0":{"start":{"line":1,"column":0},"end":{"line":1,"column":53}},"1":{"start":{"line":4,"column":13},"end":{"line":7,"column":2}}},"fnMap":{},"branchMap":{},"s":{"0":2,"1":2},"f":{},"b":{}}
}
