TN:
SF:src/app.ts
FNF:0
FNH:0
DA:1,15
DA:2,15
DA:3,15
DA:4,15
DA:5,15
DA:6,15
DA:7,15
DA:8,15
DA:9,15
DA:10,15
DA:11,15
DA:12,15
DA:13,15
DA:14,15
DA:15,15
DA:18,15
DA:19,0
DA:22,15
DA:24,15
DA:25,15
DA:28,15
DA:34,15
DA:36,15
DA:37,15
DA:38,15
DA:39,15
DA:40,15
DA:41,15
DA:44,15
DA:46,15
DA:48,15
LF:31
LH:30
BRDA:4,0,0,15
BRDA:4,0,1,0
BRDA:18,1,0,0
BRDA:18,2,0,15
BRDA:18,2,1,0
BRF:5
BRH:2
end_of_record
TN:
SF:src/socket.ts
FN:6,initSocket
FN:13,(anonymous_1)
FN:15,(anonymous_2)
FN:21,emitToUser
FNF:4
FNH:1
FNDA:0,initSocket
FNDA:0,(anonymous_1)
FNDA:0,(anonymous_2)
FNDA:6,emitToUser
DA:1,15
DA:6,15
DA:7,0
DA:13,0
DA:15,0
DA:16,0
DA:21,15
DA:22,6
DA:23,0
LF:9
LH:4
BRDA:22,0,0,0
BRF:1
BRH:0
end_of_record
TN:
SF:src/api/index.ts
FNF:0
FNH:0
DA:1,15
DA:2,15
DA:3,15
DA:4,15
DA:5,15
DA:7,15
DA:9,15
DA:10,15
DA:11,15
DA:12,15
DA:14,15
LF:11
LH:11
BRF:0
BRH:0
end_of_record
TN:
SF:src/api/v1/auth.routes.ts
FNF:0
FNH:0
DA:1,15
DA:2,15
DA:4,15
DA:6,15
DA:7,15
DA:9,15
LF:6
LH:6
BRF:0
BRH:0
end_of_record
TN:
SF:src/api/v1/blocks.routes.ts
FNF:0
FNH:0
DA:1,15
DA:2,15
DA:3,15
DA:5,15
DA:7,15
DA:8,15
DA:9,15
DA:11,15
LF:8
LH:8
BRF:0
BRH:0
end_of_record
TN:
SF:src/api/v1/friendships.routes.ts
FNF:0
FNH:0
DA:1,15
DA:2,15
DA:9,15
DA:11,15
DA:13,15
DA:14,15
DA:15,15
DA:16,15
DA:17,15
DA:19,15
LF:10
LH:10
BRF:0
BRH:0
end_of_record
TN:
SF:src/api/v1/index.ts
FNF:0
FNH:0
DA:1,15
DA:2,15
DA:3,15
DA:4,15
DA:5,15
DA:6,15
DA:7,15
DA:9,15
DA:11,15
DA:12,15
DA:13,15
DA:14,15
DA:15,15
DA:16,15
DA:18,15
LF:15
LH:15
BRF:0
BRH:0
end_of_record
TN:
SF:src/api/v1/matchmaking.routes.ts
FNF:0
FNH:0
DA:1,15
DA:2,15
DA:3,15
DA:5,15
DA:7,15
DA:9,15
LF:6
LH:6
BRF:0
BRH:0
end_of_record
TN:
SF:src/api/v1/profiles.routes.ts
FNF:0
FNH:0
DA:1,15
DA:2,15
DA:3,15
DA:4,15
DA:6,15
DA:7,15
DA:9,15
DA:10,15
DA:11,15
DA:12,15
DA:14,15
LF:11
LH:11
BRF:0
BRH:0
end_of_record
TN:
SF:src/api/v1/users.routes.ts
FNF:0
FNH:0
DA:1,15
DA:2,15
DA:3,15
DA:5,15
DA:7,15
DA:9,15
LF:6
LH:6
BRF:0
BRH:0
end_of_record
TN:
SF:src/config/index.ts
FNF:0
FNH:0
DA:1,13
DA:3,13
LF:2
LH:2
BRDA:7,0,0,13
BRDA:7,0,1,13
BRF:2
BRH:2
end_of_record
TN:
SF:src/config/supabase.ts
FNF:0
FNH:0
DA:1,13
DA:2,13
DA:4,13
LF:3
LH:3
BRF:0
BRH:0
end_of_record
TN:
SF:src/config/supabaseClient.ts
FNF:0
FNH:0
DA:1,15
DA:2,15
DA:4,15
DA:5,15
DA:7,15
DA:8,0
DA:11,15
LF:7
LH:6
BRDA:7,0,0,0
BRDA:7,1,0,15
BRDA:7,1,1,15
BRF:3
BRH:2
end_of_record
TN:
SF:src/controllers/auth.controller.ts
FN:15,(anonymous_0)
FN:49,(anonymous_1)
FNF:2
FNH:2
FNDA:4,(anonymous_0)
FNDA:4,(anonymous_1)
DA:2,15
DA:3,15
DA:4,15
DA:6,15
DA:15,15
DA:16,4
DA:17,4
DA:18,0
DA:20,4
DA:21,4
DA:22,4
DA:29,4
DA:30,0
DA:32,4
DA:33,0
DA:34,4
DA:35,4
DA:37,0
DA:40,0
DA:44,15
DA:49,15
DA:50,4
DA:51,4
DA:52,0
DA:54,4
DA:55,4
DA:56,4
DA:57,4
DA:58,0
DA:60,4
DA:67,0
LF:31
LH:23
BRDA:17,0,0,0
BRDA:29,1,0,0
BRDA:30,2,0,0
BRDA:30,2,1,0
BRDA:32,3,0,0
BRDA:32,3,1,4
BRDA:32,4,0,4
BRDA:32,4,1,4
BRDA:34,5,0,4
BRDA:34,5,1,0
BRDA:40,6,0,0
BRDA:40,6,1,0
BRDA:51,7,0,0
BRDA:57,8,0,0
BRDA:57,9,0,4
BRDA:57,9,1,4
BRDA:58,10,0,0
BRDA:58,10,1,0
BRDA:67,11,0,0
BRDA:67,11,1,0
BRF:20
BRH:6
end_of_record
TN:
SF:src/controllers/block.controller.ts
FN:4,(anonymous_0)
FN:13,(anonymous_1)
FN:22,(anonymous_2)
FNF:3
FNH:0
FNDA:0,(anonymous_0)
FNDA:0,(anonymous_1)
FNDA:0,(anonymous_2)
DA:2,15
DA:4,15
DA:5,0
DA:6,0
DA:7,0
DA:9,0
DA:13,15
DA:14,0
DA:15,0
DA:16,0
DA:18,0
DA:22,15
DA:23,0
DA:24,0
DA:25,0
DA:27,0
LF:16
LH:4
BRF:0
BRH:0
end_of_record
TN:
SF:src/controllers/conversation.controller.ts
FN:5,(anonymous_0)
FN:16,(anonymous_1)
FN:26,(anonymous_2)
FNF:3
FNH:1
FNDA:1,(anonymous_0)
FNDA:0,(anonymous_1)
FNDA:0,(anonymous_2)
DA:2,15
DA:4,15
DA:6,1
DA:7,1
DA:8,1
DA:9,1
DA:10,1
DA:12,0
DA:17,0
DA:18,0
DA:19,0
DA:20,0
DA:22,0
DA:27,0
DA:28,0
DA:29,0
DA:30,0
DA:31,0
DA:33,0
LF:19
LH:7
BRF:0
BRH:0
end_of_record
TN:
SF:src/controllers/friendship.controller.ts
FN:10,(anonymous_0)
FN:19,(anonymous_1)
FN:28,(anonymous_2)
FN:37,(anonymous_3)
FN:46,(anonymous_4)
FNF:5
FNH:1
FNDA:2,(anonymous_0)
FNDA:0,(anonymous_1)
FNDA:0,(anonymous_2)
FNDA:0,(anonymous_3)
FNDA:0,(anonymous_4)
DA:2,15
DA:10,15
DA:11,2
DA:12,2
DA:13,0
DA:15,2
DA:19,15
DA:20,0
DA:21,0
DA:22,0
DA:24,0
DA:28,15
DA:29,0
DA:30,0
DA:31,0
DA:33,0
DA:37,15
DA:38,0
DA:39,0
DA:40,0
DA:42,0
DA:46,15
DA:47,0
DA:48,0
DA:49,0
DA:51,0
LF:26
LH:9
BRF:0
BRH:0
end_of_record
TN:
SF:src/controllers/matchmaking.controller.ts
FN:4,(anonymous_0)
FNF:1
FNH:0
FNDA:0,(anonymous_0)
DA:2,15
DA:4,15
DA:5,0
DA:6,0
DA:7,0
DA:9,0
LF:6
LH:2
BRF:0
BRH:0
end_of_record
TN:
SF:src/controllers/message.controller.ts
FN:5,(anonymous_0)
FN:23,(anonymous_1)
FN:33,(anonymous_2)
FN:44,(anonymous_3)
FNF:4
FNH:3
FNDA:2,(anonymous_0)
FNDA:1,(anonymous_1)
FNDA:1,(anonymous_2)
FNDA:0,(anonymous_3)
DA:2,15
DA:4,15
DA:6,2
DA:7,2
DA:8,2
DA:9,2
DA:10,2
DA:17,2
DA:19,0
DA:24,1
DA:25,1
DA:26,1
DA:27,1
DA:29,0
DA:34,1
DA:35,1
DA:36,1
DA:37,1
DA:38,1
DA:40,0
DA:45,0
DA:46,0
DA:47,0
DA:48,0
DA:49,0
DA:50,0
DA:52,0
LF:27
LH:17
BRF:0
BRH:0
end_of_record
TN:
SF:src/controllers/moderation.controller.ts
FN:12,(anonymous_0)
FN:28,(anonymous_1)
FNF:2
FNH:2
FNDA:1,(anonymous_0)
FNDA:4,(anonymous_1)
DA:2,15
DA:8,15
DA:9,15
DA:12,15
DA:13,1
DA:14,1
DA:15,1
DA:16,1
DA:17,0
DA:21,0
DA:23,1
DA:28,15
DA:30,4
LF:13
LH:11
BRDA:15,0,0,1
BRDA:15,0,1,1
BRDA:16,1,0,1
BRDA:16,2,0,1
BRDA:16,2,1,0
BRDA:16,2,2,0
BRDA:28,3,0,0
BRF:7
BRH:4
end_of_record
TN:
SF:src/controllers/profile.controller.ts
FN:10,(anonymous_0)
FN:24,(anonymous_1)
FN:38,(anonymous_2)
FN:51,(anonymous_3)
FNF:4
FNH:0
FNDA:0,(anonymous_0)
FNDA:0,(anonymous_1)
FNDA:0,(anonymous_2)
FNDA:0,(anonymous_3)
DA:2,15
DA:3,15
DA:10,15
DA:11,0
DA:12,0
DA:13,0
DA:14,0
DA:16,0
DA:17,0
DA:19,0
DA:24,15
DA:25,0
DA:26,0
DA:27,0
DA:28,0
DA:30,0
DA:31,0
DA:33,0
DA:38,15
DA:39,0
DA:40,0
DA:41,0
DA:43,0
DA:44,0
DA:46,0
DA:51,15
DA:52,0
DA:53,0
DA:54,0
DA:55,0
DA:56,0
DA:58,0
DA:59,0
DA:61,0
LF:34
LH:6
BRDA:12,0,0,0
BRDA:16,1,0,0
BRDA:16,1,1,0
BRDA:26,2,0,0
BRDA:30,3,0,0
BRDA:30,3,1,0
BRDA:43,4,0,0
BRDA:43,4,1,0
BRDA:53,5,0,0
BRDA:54,6,0,0
BRDA:58,7,0,0
BRDA:58,7,1,0
BRF:12
BRH:0
end_of_record
TN:
SF:src/controllers/user.controller.ts
FN:4,(anonymous_0)
FNF:1
FNH:0
FNDA:0,(anonymous_0)
DA:2,15
DA:4,15
DA:5,0
DA:6,0
DA:7,0
DA:9,0
LF:6
LH:2
BRF:0
BRH:0
end_of_record
TN:
SF:src/controllers/video.controller.ts
FN:5,(anonymous_0)
FNF:1
FNH:1
FNDA:4,(anonymous_0)
DA:2,15
DA:3,15
DA:5,15
DA:6,4
DA:7,4
DA:8,4
DA:9,2
DA:10,2
DA:12,2
LF:9
LH:9
BRDA:8,0,0,2
BRDA:8,1,0,4
BRDA:8,1,1,2
BRDA:12,2,0,2
BRDA:12,2,1,0
BRF:5
BRH:4
end_of_record
TN:
SF:src/controllers/videoCall.controller.ts
FN:5,(anonymous_0)
FN:17,(anonymous_1)
FN:27,(anonymous_2)
FNF:3
FNH:2
FNDA:1,(anonymous_0)
FNDA:1,(anonymous_1)
FNDA:0,(anonymous_2)
DA:2,15
DA:4,15
DA:6,1
DA:7,1
DA:8,1
DA:9,1
DA:10,1
DA:11,1
DA:13,0
DA:18,1
DA:19,1
DA:20,1
DA:21,1
DA:23,0
DA:28,0
DA:29,0
DA:30,0
DA:31,0
DA:33,0
LF:19
LH:12
BRF:0
BRH:0
end_of_record
TN:
SF:src/controllers/videoLiveMatchmaking.controller.ts
FN:10,(anonymous_0)
FN:18,(anonymous_1)
FN:20,(anonymous_2)
FN:30,(anonymous_3)
FN:35,(anonymous_4)
FN:37,(anonymous_5)
FN:47,(anonymous_6)
FN:57,(anonymous_7)
FNF:8
FNH:0
FNDA:0,(anonymous_0)
FNDA:0,(anonymous_1)
FNDA:0,(anonymous_2)
FNDA:0,(anonymous_3)
FNDA:0,(anonymous_4)
FNDA:0,(anonymous_5)
FNDA:0,(anonymous_6)
FNDA:0,(anonymous_7)
DA:2,15
DA:10,15
DA:11,0
DA:12,0
DA:14,0
DA:15,0
DA:17,0
DA:18,0
DA:19,0
DA:20,0
DA:22,0
DA:25,0
DA:30,15
DA:31,0
DA:32,0
DA:33,0
DA:34,0
DA:35,0
DA:36,0
DA:37,0
DA:39,0
DA:42,0
DA:47,15
DA:48,0
DA:49,0
DA:50,0
DA:52,0
DA:57,15
DA:58,0
DA:59,0
DA:60,0
DA:62,0
LF:32
LH:5
BRDA:15,0,0,0
BRDA:15,0,1,0
BRDA:33,1,0,0
BRDA:33,1,1,0
BRDA:60,2,0,0
BRDA:60,2,1,0
BRF:6
BRH:0
end_of_record
TN:
SF:src/controllers/videoMatchmaking.controller.ts
FN:4,(anonymous_0)
FNF:1
FNH:0
FNDA:0,(anonymous_0)
DA:2,15
DA:4,15
DA:5,0
DA:6,0
DA:7,0
DA:9,0
LF:6
LH:2
BRF:0
BRH:0
end_of_record
TN:
SF:src/controllers/webhook.controller.ts
FN:8,(anonymous_0)
FNF:1
FNH:1
FNDA:4,(anonymous_0)
DA:2,15
DA:4,15
DA:5,15
DA:8,15
DA:9,4
DA:10,4
DA:11,4
DA:13,2
DA:14,2
DA:15,2
DA:16,4
DA:19,2
DA:20,2
DA:22,2
DA:23,2
DA:24,2
DA:25,2
DA:28,2
DA:30,0
DA:31,0
DA:32,0
DA:33,0
DA:36,0
DA:38,0
DA:40,4
DA:42,0
LF:26
LH:19
BRDA:11,0,0,2
BRDA:11,0,1,2
BRDA:11,0,2,0
BRDA:11,0,3,0
BRDA:14,1,0,2
BRDA:23,2,0,2
BRDA:31,3,0,0
BRF:7
BRH:4
end_of_record
TN:
SF:src/middleware/auth.middleware.ts
FN:9,(anonymous_0)
FNF:1
FNH:1
FNDA:12,(anonymous_0)
DA:2,15
DA:3,15
DA:9,15
DA:14,12
DA:15,12
DA:17,12
DA:18,3
DA:21,9
DA:22,9
DA:23,9
DA:24,0
DA:26,9
DA:27,9
DA:29,0
LF:14
LH:12
BRDA:15,0,0,12
BRDA:15,0,1,9
BRDA:17,1,0,3
BRDA:23,2,0,0
BRDA:23,3,0,9
BRDA:23,3,1,9
BRF:6
BRH:5
end_of_record
TN:
SF:src/middleware/authenticate.ts
FN:5,(anonymous_0)
FNF:1
FNH:1
FNDA:5,(anonymous_0)
DA:2,15
DA:3,15
DA:5,15
DA:6,5
DA:7,5
DA:8,5
DA:9,5
DA:10,5
DA:11,0
DA:12,0
DA:14,5
LF:11
LH:9
BRDA:7,0,0,0
BRF:1
BRH:0
end_of_record
TN:
SF:src/middleware/error.middleware.ts
FN:4,errorHandler
FNF:1
FNH:1
FNDA:13,errorHandler
DA:2,15
DA:4,15
DA:5,13
DA:6,8
DA:8,5
LF:5
LH:5
BRDA:5,0,0,8
BRDA:5,0,1,5
BRF:2
BRH:2
end_of_record
TN:
SF:src/middleware/socketJwtAuth.ts
FN:4,socketJwtAuthMiddleware
FNF:1
FNH:0
FNDA:0,socketJwtAuthMiddleware
DA:1,14
DA:4,14
DA:5,0
DA:6,0
DA:7,0
DA:9,0
DA:10,0
DA:12,0
DA:13,0
DA:15,0
LF:10
LH:2
BRDA:5,0,0,0
BRDA:5,0,1,0
BRDA:6,1,0,0
BRF:3
BRH:0
end_of_record
TN:
SF:src/middleware/validateProfile.ts
FN:16,validateUpdateProfile
FN:33,validatePhotoUpload
FNF:2
FNH:0
FNDA:0,validateUpdateProfile
FNDA:0,validatePhotoUpload
DA:2,15
DA:3,15
DA:6,15
DA:16,15
DA:17,0
DA:18,0
DA:19,0
DA:21,0
DA:24,15
DA:33,15
DA:34,0
DA:35,0
DA:38,0
LF:13
LH:6
BRDA:18,0,0,0
BRDA:34,1,0,0
BRF:2
BRH:0
end_of_record
TN:
SF:src/middleware/validateUserSearch.ts
FN:17,validateUserSearch
FNF:1
FNH:0
FNDA:0,validateUserSearch
DA:2,15
DA:3,15
DA:5,15
DA:17,15
DA:18,0
DA:19,0
DA:20,0
DA:22,0
LF:8
LH:4
BRDA:19,0,0,0
BRF:1
BRH:0
end_of_record
TN:
SF:src/routes/conversation.routes.ts
FNF:0
FNH:0
DA:1,15
DA:2,15
DA:3,15
DA:4,15
DA:5,15
DA:7,15
DA:10,15
DA:11,15
DA:14,15
DA:15,15
DA:17,15
DA:18,15
DA:21,15
DA:22,15
DA:23,15
DA:24,15
DA:26,15
LF:17
LH:17
BRF:0
BRH:0
end_of_record
TN:
SF:src/routes/moderation.routes.ts
FNF:0
FNH:0
DA:1,15
DA:2,15
DA:4,15
DA:6,15
DA:8,15
LF:5
LH:5
BRF:0
BRH:0
end_of_record
TN:
SF:src/routes/upload.routes.ts
FN:10,(anonymous_1)
FNF:1
FNH:0
FNDA:0,(anonymous_1)
DA:1,15
DA:2,15
DA:3,15
DA:4,15
DA:6,15
DA:7,15
DA:10,15
DA:11,0
DA:12,0
DA:13,0
DA:14,0
DA:15,0
DA:16,0
DA:19,0
DA:20,0
DA:21,0
DA:23,0
DA:27,15
LF:18
LH:8
BRDA:13,0,0,0
BRDA:19,1,0,0
BRF:2
BRH:0
end_of_record
TN:
SF:src/routes/video.routes.ts
FNF:0
FNH:0
DA:1,15
DA:2,15
DA:4,15
DA:6,15
DA:8,15
LF:5
LH:5
BRF:0
BRH:0
end_of_record
TN:
SF:src/routes/videoLiveMatchmaking.routes.ts
FNF:0
FNH:0
DA:1,15
DA:2,15
DA:3,15
DA:10,15
DA:12,15
DA:13,15
DA:14,15
DA:15,15
DA:17,15
LF:9
LH:9
BRF:0
BRH:0
end_of_record
TN:
SF:src/routes/videoMatchmaking.routes.ts
FNF:0
FNH:0
DA:1,15
DA:2,15
DA:3,15
DA:5,15
DA:8,15
DA:10,15
LF:6
LH:6
BRF:0
BRH:0
end_of_record
TN:
SF:src/routes/webhook.routes.ts
FNF:0
FNH:0
DA:1,15
DA:2,15
DA:4,15
DA:6,15
DA:8,15
LF:5
LH:5
BRF:0
BRH:0
end_of_record
TN:
SF:src/services/block.service.ts
FN:4,blockUserService
FN:10,unblockUserService
FN:15,listBlockedUsersService
FN:18,(anonymous_3)
FNF:4
FNH:0
FNDA:0,blockUserService
FNDA:0,unblockUserService
FNDA:0,listBlockedUsersService
FNDA:0,(anonymous_3)
DA:1,15
DA:2,15
DA:4,15
DA:5,0
DA:6,0
DA:7,0
DA:10,15
DA:11,0
DA:12,0
DA:15,15
DA:16,0
DA:17,0
DA:18,0
LF:13
LH:5
BRDA:5,0,0,0
BRDA:7,1,0,0
BRDA:12,2,0,0
BRDA:17,3,0,0
BRDA:18,4,0,0
BRDA:18,4,1,0
BRF:6
BRH:0
end_of_record
TN:
SF:src/services/conversation.service.ts
FN:5,(anonymous_9)
FN:26,(anonymous_10)
FN:36,(anonymous_11)
FN:52,(anonymous_12)
FNF:4
FNH:1
FNDA:1,(anonymous_9)
FNDA:0,(anonymous_10)
FNDA:0,(anonymous_11)
FNDA:0,(anonymous_12)
DA:1,15
DA:4,15
DA:7,1
DA:9,1
DA:15,1
DA:17,1
DA:22,1
DA:23,1
DA:27,0
DA:32,0
DA:33,0
DA:37,0
DA:42,0
DA:43,0
DA:44,0
DA:46,0
DA:50,0
DA:52,0
DA:53,0
DA:54,0
LF:20
LH:8
BRDA:7,0,0,1
BRDA:7,0,1,0
BRDA:15,1,0,0
BRDA:22,2,0,0
BRDA:32,3,0,0
BRDA:33,4,0,0
BRDA:33,4,1,0
BRDA:42,5,0,0
BRDA:42,6,0,0
BRDA:42,6,1,0
BRDA:43,7,0,0
BRDA:43,8,0,0
BRDA:43,8,1,0
BRDA:50,9,0,0
BRF:14
BRH:1
end_of_record
TN:
SF:src/services/friendship.service.ts
FN:5,sendFriendRequestService
FN:25,acceptFriendRequestService
FN:39,removeFriendService
FN:49,listFriendsService
FN:58,(anonymous_4)
FN:66,listPendingRequestsService
FNF:6
FNH:1
FNDA:2,sendFriendRequestService
FNDA:0,acceptFriendRequestService
FNDA:0,removeFriendService
FNDA:0,listFriendsService
FNDA:0,(anonymous_4)
FNDA:0,listPendingRequestsService
DA:1,15
DA:2,15
DA:3,15
DA:5,15
DA:6,2
DA:8,1
DA:10,1
DA:16,1
DA:18,1
DA:19,1
DA:22,1
DA:25,15
DA:26,0
DA:27,0
DA:34,0
DA:36,0
DA:39,15
DA:40,0
DA:41,0
DA:46,0
DA:49,15
DA:51,0
DA:56,0
DA:58,0
DA:59,0
DA:61,0
DA:62,0
DA:63,0
DA:66,15
DA:68,0
DA:73,0
DA:74,0
LF:32
LH:15
BRDA:6,0,0,1
BRDA:8,1,0,1
BRDA:8,1,1,0
BRDA:16,2,0,0
BRDA:18,3,0,1
BRDA:18,3,1,0
BRDA:22,4,0,1
BRDA:26,5,0,0
BRDA:26,5,1,0
BRDA:34,6,0,0
BRDA:34,7,0,0
BRDA:34,7,1,0
BRDA:34,7,2,0
BRDA:40,8,0,0
BRDA:40,8,1,0
BRDA:46,9,0,0
BRDA:56,10,0,0
BRDA:58,11,0,0
BRDA:58,11,1,0
BRDA:58,12,0,0
BRDA:58,12,1,0
BRDA:59,13,0,0
BRDA:62,14,0,0
BRDA:73,15,0,0
BRF:24
BRH:4
end_of_record
TN:
SF:src/services/matchmaking.service.ts
FN:5,requestMatchService
FN:11,(anonymous_1)
FN:13,(anonymous_2)
FNF:3
FNH:0
FNDA:0,requestMatchService
FNDA:0,(anonymous_1)
FNDA:0,(anonymous_2)
DA:1,15
DA:2,15
DA:3,15
DA:5,15
DA:10,0
DA:11,0
DA:12,0
DA:13,0
DA:14,0
DA:15,0
DA:16,0
DA:17,0
DA:18,0
DA:20,0
DA:21,0
DA:22,0
DA:24,0
DA:25,0
LF:18
LH:4
BRDA:11,0,0,0
BRDA:11,0,1,0
BRDA:11,1,0,0
BRDA:11,1,1,0
BRDA:13,2,0,0
BRDA:13,2,1,0
BRDA:15,3,0,0
BRDA:16,4,0,0
BRDA:17,5,0,0
BRDA:18,6,0,0
BRDA:21,7,0,0
BRDA:21,8,0,0
BRDA:21,8,1,0
BRDA:21,8,2,0
BRF:14
BRH:0
end_of_record
TN:
SF:src/services/message.service.ts
FN:6,(anonymous_0)
FN:29,(anonymous_1)
FN:40,(anonymous_2)
FN:61,(anonymous_3)
FNF:4
FNH:3
FNDA:2,(anonymous_0)
FNDA:1,(anonymous_1)
FNDA:1,(anonymous_2)
FNDA:0,(anonymous_3)
DA:1,15
DA:3,15
DA:5,15
DA:13,2
DA:14,2
DA:19,2
DA:21,2
DA:22,2
DA:23,2
DA:24,2
DA:26,2
DA:30,1
DA:36,1
DA:37,1
DA:42,1
DA:49,1
DA:50,1
DA:52,1
DA:53,1
DA:54,1
DA:55,1
DA:56,1
DA:63,0
DA:68,0
DA:69,0
DA:70,0
DA:76,0
DA:78,0
DA:79,0
DA:80,0
DA:81,0
DA:83,0
LF:32
LH:22
BRDA:19,0,0,0
BRDA:22,1,0,2
BRDA:36,2,0,0
BRDA:37,3,0,1
BRDA:37,3,1,0
BRDA:49,4,0,0
BRDA:50,5,0,1
BRDA:54,6,0,1
BRDA:68,7,0,0
BRDA:68,8,0,0
BRDA:68,8,1,0
BRDA:69,9,0,0
BRDA:76,10,0,0
BRDA:79,11,0,0
BRF:14
BRH:4
end_of_record
TN:
SF:src/services/notification.service.ts
FN:8,initNotificationService
FN:11,(anonymous_1)
FN:13,(anonymous_2)
FN:19,sendNotification
FNF:4
FNH:0
FNDA:0,initNotificationService
FNDA:0,(anonymous_1)
FNDA:0,(anonymous_2)
FNDA:0,sendNotification
DA:3,14
DA:4,14
DA:6,14
DA:8,14
DA:9,0
DA:10,0
DA:11,0
DA:13,0
DA:14,0
DA:19,14
DA:20,0
DA:21,0
LF:12
LH:5
BRDA:20,0,0,0
BRF:1
BRH:0
end_of_record
TN:
SF:src/services/profile.service.ts
FN:4,getMyProfileService
FN:10,updateMyProfileService
FN:21,getProfileSummary
FN:30,getProfileByIdService
FN:36,uploadProfilePhotoService
FNF:5
FNH:0
FNDA:0,getMyProfileService
FNDA:0,updateMyProfileService
FNDA:0,getProfileSummary
FNDA:0,getProfileByIdService
FNDA:0,uploadProfilePhotoService
DA:1,15
DA:2,15
DA:4,15
DA:5,0
DA:6,0
DA:7,0
DA:10,15
DA:11,0
DA:12,0
DA:13,0
DA:14,0
DA:16,0
DA:17,0
DA:18,0
DA:21,15
DA:22,0
DA:26,0
DA:27,0
DA:30,15
DA:31,0
DA:32,0
DA:33,0
DA:36,15
DA:37,0
DA:38,0
DA:39,0
DA:40,0
DA:41,0
DA:42,0
DA:43,0
DA:44,0
DA:45,0
LF:32
LH:7
BRDA:6,0,0,0
BRDA:6,1,0,0
BRDA:6,1,1,0
BRDA:11,2,0,0
BRDA:11,3,0,0
BRDA:11,3,1,0
BRDA:17,4,0,0
BRDA:17,5,0,0
BRDA:17,5,1,0
BRDA:17,6,0,0
BRDA:17,6,1,0
BRDA:26,7,0,0
BRDA:26,8,0,0
BRDA:26,8,1,0
BRDA:32,9,0,0
BRDA:32,10,0,0
BRDA:32,10,1,0
BRDA:37,11,0,0
BRDA:41,12,0,0
BRF:19
BRH:0
end_of_record
TN:
SF:src/services/room.service.ts
FN:11,addRoomHistory
FN:15,endRoom
FN:16,(anonymous_2)
FN:20,getRoomHistory
FN:21,(anonymous_4)
FNF:5
FNH:1
FNDA:0,addRoomHistory
FNDA:2,endRoom
FNDA:0,(anonymous_2)
FNDA:0,getRoomHistory
FNDA:0,(anonymous_4)
DA:9,15
DA:11,15
DA:12,0
DA:15,15
DA:16,2
DA:17,2
DA:20,15
DA:21,0
LF:8
LH:6
BRDA:17,0,0,0
BRF:1
BRH:0
end_of_record
TN:
SF:src/services/user.service.ts
FN:4,searchUsersService
FNF:1
FNH:0
FNDA:0,searchUsersService
DA:1,15
DA:2,15
DA:4,15
DA:5,0
DA:6,0
DA:17,0
DA:18,0
DA:19,0
DA:20,0
DA:22,0
DA:24,0
DA:25,0
DA:27,0
DA:28,0
DA:30,0
DA:31,0
DA:32,0
DA:33,0
DA:34,0
DA:35,0
DA:39,0
DA:40,0
DA:41,0
DA:42,0
DA:44,0
DA:45,0
DA:46,0
DA:47,0
LF:28
LH:3
BRDA:6,0,0,0
BRDA:15,1,0,0
BRDA:16,2,0,0
BRDA:24,3,0,0
BRDA:27,4,0,0
BRDA:31,5,0,0
BRDA:32,6,0,0
BRDA:33,7,0,0
BRDA:34,8,0,0
BRDA:39,9,0,0
BRDA:39,10,0,0
BRDA:39,10,1,0
BRDA:39,10,2,0
BRDA:46,11,0,0
BRF:14
BRH:0
end_of_record
TN:
SF:src/services/video.service.ts
FN:7,createVideoRoom
FN:16,generateVideoToken
FN:26,createVideoRoomForMatch
FNF:3
FNH:0
FNDA:0,createVideoRoom
FNDA:0,generateVideoToken
FNDA:0,createVideoRoomForMatch
DA:1,13
DA:2,13
DA:4,13
DA:5,13
DA:7,13
DA:8,0
DA:13,0
DA:16,13
DA:17,0
DA:22,0
DA:26,13
DA:27,0
DA:28,0
DA:29,0
DA:31,0
DA:32,0
DA:33,0
LF:17
LH:7
BRDA:4,0,0,13
BRDA:4,0,1,0
BRF:2
BRH:1
end_of_record
TN:
SF:src/services/videoCall.service.ts
FN:6,(anonymous_0)
FN:18,(anonymous_1)
FN:27,(anonymous_2)
FNF:3
FNH:2
FNDA:1,(anonymous_0)
FNDA:1,(anonymous_1)
FNDA:0,(anonymous_2)
DA:1,15
DA:3,15
DA:5,15
DA:7,1
DA:8,1
DA:9,1
DA:14,1
DA:15,1
DA:19,1
DA:20,1
DA:24,1
DA:28,0
DA:36,0
DA:37,0
LF:14
LH:11
BRDA:14,0,0,0
BRDA:24,1,0,0
BRDA:36,2,0,0
BRDA:36,3,0,0
BRDA:36,3,1,0
BRDA:37,4,0,0
BRDA:37,4,1,0
BRF:7
BRH:0
end_of_record
TN:
SF:src/services/videoLiveMatchmaking.service.ts
FN:13,joinLiveMatchmaking
FN:20,leaveLiveMatchmaking
FN:33,nextLiveMatchmaking
FN:62,getCurrentSession
FNF:4
FNH:0
FNDA:0,joinLiveMatchmaking
FNDA:0,leaveLiveMatchmaking
FNDA:0,nextLiveMatchmaking
FNDA:0,getCurrentSession
DA:3,15
DA:7,15
DA:9,15
DA:11,15
DA:13,15
DA:14,0
DA:15,0
DA:16,0
DA:20,15
DA:21,0
DA:22,0
DA:23,0
DA:25,0
DA:26,0
DA:27,0
DA:29,0
DA:30,0
DA:33,15
DA:35,0
DA:36,0
DA:37,0
DA:38,0
DA:39,0
DA:40,0
DA:43,0
DA:44,0
DA:45,0
DA:47,0
DA:48,0
DA:49,0
DA:50,0
DA:51,0
DA:52,0
DA:53,0
DA:54,0
DA:58,0
DA:59,0
DA:62,15
DA:63,0
DA:64,0
DA:65,0
DA:67,0
LF:42
LH:8
BRDA:14,0,0,0
BRDA:22,1,0,0
BRDA:22,2,0,0
BRDA:22,2,1,0
BRDA:26,3,0,0
BRDA:27,4,0,0
BRDA:36,5,0,0
BRDA:36,6,0,0
BRDA:36,6,1,0
BRDA:38,7,0,0
BRDA:38,7,1,0
BRDA:39,8,0,0
BRDA:43,9,0,0
BRDA:43,9,1,0
BRDA:45,10,0,0
BRDA:45,11,0,0
BRDA:45,11,1,0
BRDA:45,11,2,0
BRDA:52,12,0,0
BRDA:52,12,1,0
BRDA:64,13,0,0
BRDA:64,14,0,0
BRDA:64,14,1,0
BRF:23
BRH:0
end_of_record
TN:
SF:src/services/videoMatchmaking.service.ts
FN:4,getNextVideoProfileService
FN:8,(anonymous_1)
FN:10,(anonymous_2)
FNF:3
FNH:0
FNDA:0,getNextVideoProfileService
FNDA:0,(anonymous_1)
FNDA:0,(anonymous_2)
DA:1,15
DA:2,15
DA:4,15
DA:7,0
DA:8,0
DA:9,0
DA:10,0
DA:12,0
DA:13,0
DA:14,0
DA:15,0
DA:16,0
DA:17,0
DA:18,0
DA:19,0
DA:21,0
DA:22,0
DA:23,0
LF:18
LH:3
BRDA:8,0,0,0
BRDA:8,0,1,0
BRDA:8,1,0,0
BRDA:8,1,1,0
BRDA:10,2,0,0
BRDA:10,2,1,0
BRDA:13,3,0,0
BRDA:14,4,0,0
BRDA:15,5,0,0
BRDA:16,6,0,0
BRDA:17,7,0,0
BRDA:18,8,0,0
BRDA:19,9,0,0
BRDA:22,10,0,0
BRDA:22,11,0,0
BRDA:22,11,1,0
BRDA:22,11,2,0
BRF:17
BRH:0
end_of_record
TN:
SF:src/utils/ApiError.ts
FN:3,(anonymous_0)
FNF:1
FNH:1
FNDA:5,(anonymous_0)
DA:1,15
DA:4,5
DA:5,5
DA:6,5
LF:4
LH:4
BRF:0
BRH:0
end_of_record
TN:
SF:src/utils/AppError.ts
FN:3,(anonymous_0)
FNF:1
FNH:1
FNDA:8,(anonymous_0)
DA:1,15
DA:4,8
DA:5,8
DA:6,8
LF:4
LH:4
BRF:0
BRH:0
end_of_record
TN:
SF:src/utils/jwt.ts
FN:5,verifyToken
FNF:1
FNH:1
FNDA:5,verifyToken
DA:1,15
DA:3,15
DA:5,15
DA:6,5
LF:4
LH:4
BRDA:3,0,0,15
BRDA:3,0,1,0
BRF:2
BRH:1
end_of_record
TN:
SF:tests/supabase-auth.test-utils.ts
FN:9,createSupabaseTestUser
FN:67,getSupabaseAuthHeader
FNF:2
FNH:2
FNDA:4,createSupabaseTestUser
FNDA:2,getSupabaseAuthHeader
DA:1,2
DA:2,2
DA:3,2
DA:9,2
DA:10,4
DA:11,4
DA:14,4
DA:25,4
DA:26,4
DA:27,0
DA:28,4
DA:29,4
DA:31,4
DA:32,0
DA:33,0
DA:37,4
DA:41,4
DA:42,4
DA:43,0
DA:47,4
DA:56,4
DA:57,0
DA:58,0
DA:61,4
DA:67,2
DA:68,2
LF:26
LH:20
BRDA:9,0,0,2
BRDA:26,1,0,0
BRDA:26,1,1,4
BRDA:26,2,0,4
BRDA:26,2,1,4
BRDA:26,2,2,0
BRDA:28,3,0,4
BRDA:28,4,0,4
BRDA:28,4,1,4
BRDA:31,5,0,0
BRDA:41,6,0,4
BRDA:41,6,1,4
BRDA:42,7,0,0
BRDA:56,8,0,0
BRF:14
BRH:9
end_of_record
TN:
SF:tests/supabase-client.test-utils.ts
FNF:0
FNH:0
DA:1,2
DA:4,2
LF:2
LH:2
BRF:0
BRH:0
end_of_record
